# project ns (3.31) configured on Wed Aug 19 11:25:04 2020 by
# waf 2.0.18 (abi 20, python 30802f0 on darwin)
# using ./waf configure --build-profile=optimized
#
----------------------------------------
Setting top to
/Users/frankwang/GradSchool/Summer20/ns-allinone-3.31/ns-3.31
----------------------------------------
Setting out to
/Users/frankwang/GradSchool/Summer20/ns-allinone-3.31/ns-3.31/build
----------------------------------------
Checking for 'clang' (C compiler)
find program=['clang'] paths=['/usr/local/opt/make/libexec/gnubin', '/usr/local/opt/sqlite/bin', '/Users/frankwang/.cargo/bin', '/usr/local/bin/', '/usr/texbin', '/usr/local/sbin', '/Users/frankwang/platform-tools', '/Users/frankwang/bin', '/usr/local/opt/python@2/bin', '/usr/local/bin', '/usr/bin', '/bin', '/usr/sbin', '/sbin', '/opt/X11/bin', '/usr/local/CrossPack-AVR/bin', '/Library/Apple/usr/bin', '/Applications/VMware Fusion Tech Preview.app/Contents/Public', '/usr/local/share/dotnet', '/Library/Frameworks/Mono.framework/Versions/Current/Commands', '/Library/TeX/texbin', '/Applications/Xamarin Workbooks.app/Contents/SharedSupport/path-bin'] var='CC' -> ['/usr/bin/clang']
['/usr/bin/clang', '-dM', '-E', '-']
out: #define _LP64 1
#define __APPLE_CC__ 6000
#define __APPLE__ 1
#define __ATOMIC_ACQUIRE 2
#define __ATOMIC_ACQ_REL 4
#define __ATOMIC_CONSUME 1
#define __ATOMIC_RELAXED 0
#define __ATOMIC_RELEASE 3
#define __ATOMIC_SEQ_CST 5
#define __BIGGEST_ALIGNMENT__ 16
#define __BLOCKS__ 1
#define __BYTE_ORDER__ __ORDER_LITTLE_ENDIAN__
#define __CHAR16_TYPE__ unsigned short
#define __CHAR32_TYPE__ unsigned int
#define __CHAR_BIT__ 8
#define __CLANG_ATOMIC_BOOL_LOCK_FREE 2
#define __CLANG_ATOMIC_CHAR16_T_LOCK_FREE 2
#define __CLANG_ATOMIC_CHAR32_T_LOCK_FREE 2
#define __CLANG_ATOMIC_CHAR_LOCK_FREE 2
#define __CLANG_ATOMIC_INT_LOCK_FREE 2
#define __CLANG_ATOMIC_LLONG_LOCK_FREE 2
#define __CLANG_ATOMIC_LONG_LOCK_FREE 2
#define __CLANG_ATOMIC_POINTER_LOCK_FREE 2
#define __CLANG_ATOMIC_SHORT_LOCK_FREE 2
#define __CLANG_ATOMIC_WCHAR_T_LOCK_FREE 2
#define __CONSTANT_CFSTRINGS__ 1
#define __DBL_DECIMAL_DIG__ 17
#define __DBL_DENORM_MIN__ 4.9406564584124654e-324
#define __DBL_DIG__ 15
#define __DBL_EPSILON__ 2.2204460492503131e-16
#define __DBL_HAS_DENORM__ 1
#define __DBL_HAS_INFINITY__ 1
#define __DBL_HAS_QUIET_NAN__ 1
#define __DBL_MANT_DIG__ 53
#define __DBL_MAX_10_EXP__ 308
#define __DBL_MAX_EXP__ 1024
#define __DBL_MAX__ 1.7976931348623157e+308
#define __DBL_MIN_10_EXP__ (-307)
#define __DBL_MIN_EXP__ (-1021)
#define __DBL_MIN__ 2.2250738585072014e-308
#define __DECIMAL_DIG__ __LDBL_DECIMAL_DIG__
#define __DYNAMIC__ 1
#define __ENVIRONMENT_MAC_OS_X_VERSION_MIN_REQUIRED__ 110000
#define __FINITE_MATH_ONLY__ 0
#define __FLT16_DECIMAL_DIG__ 5
#define __FLT16_DENORM_MIN__ 5.9604644775390625e-8F16
#define __FLT16_DIG__ 3
#define __FLT16_EPSILON__ 9.765625e-4F16
#define __FLT16_HAS_DENORM__ 1
#define __FLT16_HAS_INFINITY__ 1
#define __FLT16_HAS_QUIET_NAN__ 1
#define __FLT16_MANT_DIG__ 11
#define __FLT16_MAX_10_EXP__ 4
#define __FLT16_MAX_EXP__ 16
#define __FLT16_MAX__ 6.5504e+4F16
#define __FLT16_MIN_10_EXP__ (-4)
#define __FLT16_MIN_EXP__ (-13)
#define __FLT16_MIN__ 6.103515625e-5F16
#define __FLT_DECIMAL_DIG__ 9
#define __FLT_DENORM_MIN__ 1.40129846e-45F
#define __FLT_DIG__ 6
#define __FLT_EPSILON__ 1.19209290e-7F
#define __FLT_EVAL_METHOD__ 0
#define __FLT_HAS_DENORM__ 1
#define __FLT_HAS_INFINITY__ 1
#define __FLT_HAS_QUIET_NAN__ 1
#define __FLT_MANT_DIG__ 24
#define __FLT_MAX_10_EXP__ 38
#define __FLT_MAX_EXP__ 128
#define __FLT_MAX__ 3.40282347e+38F
#define __FLT_MIN_10_EXP__ (-37)
#define __FLT_MIN_EXP__ (-125)
#define __FLT_MIN__ 1.17549435e-38F
#define __FLT_RADIX__ 2
#define __FXSR__ 1
#define __GCC_ASM_FLAG_OUTPUTS__ 1
#define __GCC_ATOMIC_BOOL_LOCK_FREE 2
#define __GCC_ATOMIC_CHAR16_T_LOCK_FREE 2
#define __GCC_ATOMIC_CHAR32_T_LOCK_FREE 2
#define __GCC_ATOMIC_CHAR_LOCK_FREE 2
#define __GCC_ATOMIC_INT_LOCK_FREE 2
#define __GCC_ATOMIC_LLONG_LOCK_FREE 2
#define __GCC_ATOMIC_LONG_LOCK_FREE 2
#define __GCC_ATOMIC_POINTER_LOCK_FREE 2
#define __GCC_ATOMIC_SHORT_LOCK_FREE 2
#define __GCC_ATOMIC_TEST_AND_SET_TRUEVAL 1
#define __GCC_ATOMIC_WCHAR_T_LOCK_FREE 2
#define __GCC_HAVE_SYNC_COMPARE_AND_SWAP_1 1
#define __GCC_HAVE_SYNC_COMPARE_AND_SWAP_16 1
#define __GCC_HAVE_SYNC_COMPARE_AND_SWAP_2 1
#define __GCC_HAVE_SYNC_COMPARE_AND_SWAP_4 1
#define __GCC_HAVE_SYNC_COMPARE_AND_SWAP_8 1
#define __GNUC_MINOR__ 2
#define __GNUC_PATCHLEVEL__ 1
#define __GNUC_STDC_INLINE__ 1
#define __GNUC__ 4
#define __GXX_ABI_VERSION 1002
#define __INT16_C_SUFFIX__ 
#define __INT16_FMTd__ "hd"
#define __INT16_FMTi__ "hi"
#define __INT16_MAX__ 32767
#define __INT16_TYPE__ short
#define __INT32_C_SUFFIX__ 
#define __INT32_FMTd__ "d"
#define __INT32_FMTi__ "i"
#define __INT32_MAX__ 2147483647
#define __INT32_TYPE__ int
#define __INT64_C_SUFFIX__ LL
#define __INT64_FMTd__ "lld"
#define __INT64_FMTi__ "lli"
#define __INT64_MAX__ 9223372036854775807LL
#define __INT64_TYPE__ long long int
#define __INT8_C_SUFFIX__ 
#define __INT8_FMTd__ "hhd"
#define __INT8_FMTi__ "hhi"
#define __INT8_MAX__ 127
#define __INT8_TYPE__ signed char
#define __INTMAX_C_SUFFIX__ L
#define __INTMAX_FMTd__ "ld"
#define __INTMAX_FMTi__ "li"
#define __INTMAX_MAX__ 9223372036854775807L
#define __INTMAX_TYPE__ long int
#define __INTMAX_WIDTH__ 64
#define __INTPTR_FMTd__ "ld"
#define __INTPTR_FMTi__ "li"
#define __INTPTR_MAX__ 9223372036854775807L
#define __INTPTR_TYPE__ long int
#define __INTPTR_WIDTH__ 64
#define __INT_FAST16_FMTd__ "hd"
#define __INT_FAST16_FMTi__ "hi"
#define __INT_FAST16_MAX__ 32767
#define __INT_FAST16_TYPE__ short
#define __INT_FAST32_FMTd__ "d"
#define __INT_FAST32_FMTi__ "i"
#define __INT_FAST32_MAX__ 2147483647
#define __INT_FAST32_TYPE__ int
#define __INT_FAST64_FMTd__ "lld"
#define __INT_FAST64_FMTi__ "lli"
#define __INT_FAST64_MAX__ 9223372036854775807LL
#define __INT_FAST64_TYPE__ long long int
#define __INT_FAST8_FMTd__ "hhd"
#define __INT_FAST8_FMTi__ "hhi"
#define __INT_FAST8_MAX__ 127
#define __INT_FAST8_TYPE__ signed char
#define __INT_LEAST16_FMTd__ "hd"
#define __INT_LEAST16_FMTi__ "hi"
#define __INT_LEAST16_MAX__ 32767
#define __INT_LEAST16_TYPE__ short
#define __INT_LEAST32_FMTd__ "d"
#define __INT_LEAST32_FMTi__ "i"
#define __INT_LEAST32_MAX__ 2147483647
#define __INT_LEAST32_TYPE__ int
#define __INT_LEAST64_FMTd__ "lld"
#define __INT_LEAST64_FMTi__ "lli"
#define __INT_LEAST64_MAX__ 9223372036854775807LL
#define __INT_LEAST64_TYPE__ long long int
#define __INT_LEAST8_FMTd__ "hhd"
#define __INT_LEAST8_FMTi__ "hhi"
#define __INT_LEAST8_MAX__ 127
#define __INT_LEAST8_TYPE__ signed char
#define __INT_MAX__ 2147483647
#define __LDBL_DECIMAL_DIG__ 21
#define __LDBL_DENORM_MIN__ 3.64519953188247460253e-4951L
#define __LDBL_DIG__ 18
#define __LDBL_EPSILON__ 1.08420217248550443401e-19L
#define __LDBL_HAS_DENORM__ 1
#define __LDBL_HAS_INFINITY__ 1
#define __LDBL_HAS_QUIET_NAN__ 1
#define __LDBL_MANT_DIG__ 64
#define __LDBL_MAX_10_EXP__ 4932
#define __LDBL_MAX_EXP__ 16384
#define __LDBL_MAX__ 1.18973149535723176502e+4932L
#define __LDBL_MIN_10_EXP__ (-4931)
#define __LDBL_MIN_EXP__ (-16381)
#define __LDBL_MIN__ 3.36210314311209350626e-4932L
#define __LITTLE_ENDIAN__ 1
#define __LONG_LONG_MAX__ 9223372036854775807LL
#define __LONG_MAX__ 9223372036854775807L
#define __LP64__ 1
#define __MACH__ 1
#define __MMX__ 1
#define __NO_INLINE__ 1
#define __NO_MATH_INLINES 1
#define __OBJC_BOOL_IS_BOOL 0
#define __OPENCL_MEMORY_SCOPE_ALL_SVM_DEVICES 3
#define __OPENCL_MEMORY_SCOPE_DEVICE 2
#define __OPENCL_MEMORY_SCOPE_SUB_GROUP 4
#define __OPENCL_MEMORY_SCOPE_WORK_GROUP 1
#define __OPENCL_MEMORY_SCOPE_WORK_ITEM 0
#define __ORDER_BIG_ENDIAN__ 4321
#define __ORDER_LITTLE_ENDIAN__ 1234
#define __ORDER_PDP_ENDIAN__ 3412
#define __PIC__ 2
#define __POINTER_WIDTH__ 64
#define __PRAGMA_REDEFINE_EXTNAME 1
#define __PTRDIFF_FMTd__ "ld"
#define __PTRDIFF_FMTi__ "li"
#define __PTRDIFF_MAX__ 9223372036854775807L
#define __PTRDIFF_TYPE__ long int
#define __PTRDIFF_WIDTH__ 64
#define __REGISTER_PREFIX__ 
#define __SCHAR_MAX__ 127
#define __SEG_FS 1
#define __SEG_GS 1
#define __SHRT_MAX__ 32767
#define __SIG_ATOMIC_MAX__ 2147483647
#define __SIG_ATOMIC_WIDTH__ 32
#define __SIZEOF_DOUBLE__ 8
#define __SIZEOF_FLOAT__ 4
#define __SIZEOF_INT128__ 16
#define __SIZEOF_INT__ 4
#define __SIZEOF_LONG_DOUBLE__ 16
#define __SIZEOF_LONG_LONG__ 8
#define __SIZEOF_LONG__ 8
#define __SIZEOF_POINTER__ 8
#define __SIZEOF_PTRDIFF_T__ 8
#define __SIZEOF_SHORT__ 2
#define __SIZEOF_SIZE_T__ 8
#define __SIZEOF_WCHAR_T__ 4
#define __SIZEOF_WINT_T__ 4
#define __SIZE_FMTX__ "lX"
#define __SIZE_FMTo__ "lo"
#define __SIZE_FMTu__ "lu"
#define __SIZE_FMTx__ "lx"
#define __SIZE_MAX__ 18446744073709551615UL
#define __SIZE_TYPE__ long unsigned int
#define __SIZE_WIDTH__ 64
#define __SSE2_MATH__ 1
#define __SSE2__ 1
#define __SSE3__ 1
#define __SSE4_1__ 1
#define __SSE_MATH__ 1
#define __SSE__ 1
#define __SSP__ 1
#define __SSSE3__ 1
#define __STDC_HOSTED__ 1
#define __STDC_NO_THREADS__ 1
#define __STDC_UTF_16__ 1
#define __STDC_UTF_32__ 1
#define __STDC_VERSION__ 201112L
#define __STDC__ 1
#define __UINT16_C_SUFFIX__ 
#define __UINT16_FMTX__ "hX"
#define __UINT16_FMTo__ "ho"
#define __UINT16_FMTu__ "hu"
#define __UINT16_FMTx__ "hx"
#define __UINT16_MAX__ 65535
#define __UINT16_TYPE__ unsigned short
#define __UINT32_C_SUFFIX__ U
#define __UINT32_FMTX__ "X"
#define __UINT32_FMTo__ "o"
#define __UINT32_FMTu__ "u"
#define __UINT32_FMTx__ "x"
#define __UINT32_MAX__ 4294967295U
#define __UINT32_TYPE__ unsigned int
#define __UINT64_C_SUFFIX__ ULL
#define __UINT64_FMTX__ "llX"
#define __UINT64_FMTo__ "llo"
#define __UINT64_FMTu__ "llu"
#define __UINT64_FMTx__ "llx"
#define __UINT64_MAX__ 18446744073709551615ULL
#define __UINT64_TYPE__ long long unsigned int
#define __UINT8_C_SUFFIX__ 
#define __UINT8_FMTX__ "hhX"
#define __UINT8_FMTo__ "hho"
#define __UINT8_FMTu__ "hhu"
#define __UINT8_FMTx__ "hhx"
#define __UINT8_MAX__ 255
#define __UINT8_TYPE__ unsigned char
#define __UINTMAX_C_SUFFIX__ UL
#define __UINTMAX_FMTX__ "lX"
#define __UINTMAX_FMTo__ "lo"
#define __UINTMAX_FMTu__ "lu"
#define __UINTMAX_FMTx__ "lx"
#define __UINTMAX_MAX__ 18446744073709551615UL
#define __UINTMAX_TYPE__ long unsigned int
#define __UINTMAX_WIDTH__ 64
#define __UINTPTR_FMTX__ "lX"
#define __UINTPTR_FMTo__ "lo"
#define __UINTPTR_FMTu__ "lu"
#define __UINTPTR_FMTx__ "lx"
#define __UINTPTR_MAX__ 18446744073709551615UL
#define __UINTPTR_TYPE__ long unsigned int
#define __UINTPTR_WIDTH__ 64
#define __UINT_FAST16_FMTX__ "hX"
#define __UINT_FAST16_FMTo__ "ho"
#define __UINT_FAST16_FMTu__ "hu"
#define __UINT_FAST16_FMTx__ "hx"
#define __UINT_FAST16_MAX__ 65535
#define __UINT_FAST16_TYPE__ unsigned short
#define __UINT_FAST32_FMTX__ "X"
#define __UINT_FAST32_FMTo__ "o"
#define __UINT_FAST32_FMTu__ "u"
#define __UINT_FAST32_FMTx__ "x"
#define __UINT_FAST32_MAX__ 4294967295U
#define __UINT_FAST32_TYPE__ unsigned int
#define __UINT_FAST64_FMTX__ "llX"
#define __UINT_FAST64_FMTo__ "llo"
#define __UINT_FAST64_FMTu__ "llu"
#define __UINT_FAST64_FMTx__ "llx"
#define __UINT_FAST64_MAX__ 18446744073709551615ULL
#define __UINT_FAST64_TYPE__ long long unsigned int
#define __UINT_FAST8_FMTX__ "hhX"
#define __UINT_FAST8_FMTo__ "hho"
#define __UINT_FAST8_FMTu__ "hhu"
#define __UINT_FAST8_FMTx__ "hhx"
#define __UINT_FAST8_MAX__ 255
#define __UINT_FAST8_TYPE__ unsigned char
#define __UINT_LEAST16_FMTX__ "hX"
#define __UINT_LEAST16_FMTo__ "ho"
#define __UINT_LEAST16_FMTu__ "hu"
#define __UINT_LEAST16_FMTx__ "hx"
#define __UINT_LEAST16_MAX__ 65535
#define __UINT_LEAST16_TYPE__ unsigned short
#define __UINT_LEAST32_FMTX__ "X"
#define __UINT_LEAST32_FMTo__ "o"
#define __UINT_LEAST32_FMTu__ "u"
#define __UINT_LEAST32_FMTx__ "x"
#define __UINT_LEAST32_MAX__ 4294967295U
#define __UINT_LEAST32_TYPE__ unsigned int
#define __UINT_LEAST64_FMTX__ "llX"
#define __UINT_LEAST64_FMTo__ "llo"
#define __UINT_LEAST64_FMTu__ "llu"
#define __UINT_LEAST64_FMTx__ "llx"
#define __UINT_LEAST64_MAX__ 18446744073709551615ULL
#define __UINT_LEAST64_TYPE__ long long unsigned int
#define __UINT_LEAST8_FMTX__ "hhX"
#define __UINT_LEAST8_FMTo__ "hho"
#define __UINT_LEAST8_FMTu__ "hhu"
#define __UINT_LEAST8_FMTx__ "hhx"
#define __UINT_LEAST8_MAX__ 255
#define __UINT_LEAST8_TYPE__ unsigned char
#define __USER_LABEL_PREFIX__ _
#define __VERSION__ "Apple LLVM 12.0.0 (clang-1200.0.28.3)"
#define __WCHAR_MAX__ 2147483647
#define __WCHAR_TYPE__ int
#define __WCHAR_WIDTH__ 32
#define __WINT_MAX__ 2147483647
#define __WINT_TYPE__ int
#define __WINT_WIDTH__ 32
#define __amd64 1
#define __amd64__ 1
#define __apple_build_version__ 12000028
#define __block __attribute__((__blocks__(byref)))
#define __clang__ 1
#define __clang_major__ 12
#define __clang_minor__ 0
#define __clang_patchlevel__ 0
#define __clang_version__ "12.0.0 (clang-1200.0.28.3)"
#define __code_model_small_ 1
#define __core2 1
#define __core2__ 1
#define __llvm__ 1
#define __nonnull _Nonnull
#define __null_unspecified _Null_unspecified
#define __nullable _Nullable
#define __pic__ 2
#define __seg_fs __attribute__((address_space(257)))
#define __seg_gs __attribute__((address_space(256)))
#define __strong 
#define __tune_core2__ 1
#define __unsafe_unretained 
#define __weak __attribute__((objc_gc(weak)))
#define __x86_64 1
#define __x86_64__ 1

find program=['llvm-ar', 'ar'] paths=['/usr/local/opt/make/libexec/gnubin', '/usr/local/opt/sqlite/bin', '/Users/frankwang/.cargo/bin', '/usr/local/bin/', '/usr/texbin', '/usr/local/sbin', '/Users/frankwang/platform-tools', '/Users/frankwang/bin', '/usr/local/opt/python@2/bin', '/usr/local/bin', '/usr/bin', '/bin', '/usr/sbin', '/sbin', '/opt/X11/bin', '/usr/local/CrossPack-AVR/bin', '/Library/Apple/usr/bin', '/Applications/VMware Fusion Tech Preview.app/Contents/Public', '/usr/local/share/dotnet', '/Library/Frameworks/Mono.framework/Versions/Current/Commands', '/Library/TeX/texbin', '/Applications/Xamarin Workbooks.app/Contents/SharedSupport/path-bin'] var='AR' -> ['/usr/bin/ar']
find program=['ar'] paths=['/usr/local/opt/make/libexec/gnubin', '/usr/local/opt/sqlite/bin', '/Users/frankwang/.cargo/bin', '/usr/local/bin/', '/usr/texbin', '/usr/local/sbin', '/Users/frankwang/platform-tools', '/Users/frankwang/bin', '/usr/local/opt/python@2/bin', '/usr/local/bin', '/usr/bin', '/bin', '/usr/sbin', '/sbin', '/opt/X11/bin', '/usr/local/CrossPack-AVR/bin', '/Library/Apple/usr/bin', '/Applications/VMware Fusion Tech Preview.app/Contents/Public', '/usr/local/share/dotnet', '/Library/Frameworks/Mono.framework/Versions/Current/Commands', '/Library/TeX/texbin', '/Applications/Xamarin Workbooks.app/Contents/SharedSupport/path-bin'] var='AR' -> ['/usr/bin/ar']
/usr/bin/clang
----------------------------------------
Checking for cc version
12.0.0
----------------------------------------
Checking for 'clang++' (C++ compiler)
find program=['clang++'] paths=['/usr/local/opt/make/libexec/gnubin', '/usr/local/opt/sqlite/bin', '/Users/frankwang/.cargo/bin', '/usr/local/bin/', '/usr/texbin', '/usr/local/sbin', '/Users/frankwang/platform-tools', '/Users/frankwang/bin', '/usr/local/opt/python@2/bin', '/usr/local/bin', '/usr/bin', '/bin', '/usr/sbin', '/sbin', '/opt/X11/bin', '/usr/local/CrossPack-AVR/bin', '/Library/Apple/usr/bin', '/Applications/VMware Fusion Tech Preview.app/Contents/Public', '/usr/local/share/dotnet', '/Library/Frameworks/Mono.framework/Versions/Current/Commands', '/Library/TeX/texbin', '/Applications/Xamarin Workbooks.app/Contents/SharedSupport/path-bin'] var='CXX' -> ['/usr/bin/clang++']
['/usr/bin/clang++', '-dM', '-E', '-']
out: #define _LP64 1
#define __APPLE_CC__ 6000
#define __APPLE__ 1
#define __ATOMIC_ACQUIRE 2
#define __ATOMIC_ACQ_REL 4
#define __ATOMIC_CONSUME 1
#define __ATOMIC_RELAXED 0
#define __ATOMIC_RELEASE 3
#define __ATOMIC_SEQ_CST 5
#define __BIGGEST_ALIGNMENT__ 16
#define __BLOCKS__ 1
#define __BYTE_ORDER__ __ORDER_LITTLE_ENDIAN__
#define __CHAR16_TYPE__ unsigned short
#define __CHAR32_TYPE__ unsigned int
#define __CHAR_BIT__ 8
#define __CLANG_ATOMIC_BOOL_LOCK_FREE 2
#define __CLANG_ATOMIC_CHAR16_T_LOCK_FREE 2
#define __CLANG_ATOMIC_CHAR32_T_LOCK_FREE 2
#define __CLANG_ATOMIC_CHAR_LOCK_FREE 2
#define __CLANG_ATOMIC_INT_LOCK_FREE 2
#define __CLANG_ATOMIC_LLONG_LOCK_FREE 2
#define __CLANG_ATOMIC_LONG_LOCK_FREE 2
#define __CLANG_ATOMIC_POINTER_LOCK_FREE 2
#define __CLANG_ATOMIC_SHORT_LOCK_FREE 2
#define __CLANG_ATOMIC_WCHAR_T_LOCK_FREE 2
#define __CONSTANT_CFSTRINGS__ 1
#define __DBL_DECIMAL_DIG__ 17
#define __DBL_DENORM_MIN__ 4.9406564584124654e-324
#define __DBL_DIG__ 15
#define __DBL_EPSILON__ 2.2204460492503131e-16
#define __DBL_HAS_DENORM__ 1
#define __DBL_HAS_INFINITY__ 1
#define __DBL_HAS_QUIET_NAN__ 1
#define __DBL_MANT_DIG__ 53
#define __DBL_MAX_10_EXP__ 308
#define __DBL_MAX_EXP__ 1024
#define __DBL_MAX__ 1.7976931348623157e+308
#define __DBL_MIN_10_EXP__ (-307)
#define __DBL_MIN_EXP__ (-1021)
#define __DBL_MIN__ 2.2250738585072014e-308
#define __DECIMAL_DIG__ __LDBL_DECIMAL_DIG__
#define __DYNAMIC__ 1
#define __ENVIRONMENT_MAC_OS_X_VERSION_MIN_REQUIRED__ 110000
#define __FINITE_MATH_ONLY__ 0
#define __FLT16_DECIMAL_DIG__ 5
#define __FLT16_DENORM_MIN__ 5.9604644775390625e-8F16
#define __FLT16_DIG__ 3
#define __FLT16_EPSILON__ 9.765625e-4F16
#define __FLT16_HAS_DENORM__ 1
#define __FLT16_HAS_INFINITY__ 1
#define __FLT16_HAS_QUIET_NAN__ 1
#define __FLT16_MANT_DIG__ 11
#define __FLT16_MAX_10_EXP__ 4
#define __FLT16_MAX_EXP__ 16
#define __FLT16_MAX__ 6.5504e+4F16
#define __FLT16_MIN_10_EXP__ (-4)
#define __FLT16_MIN_EXP__ (-13)
#define __FLT16_MIN__ 6.103515625e-5F16
#define __FLT_DECIMAL_DIG__ 9
#define __FLT_DENORM_MIN__ 1.40129846e-45F
#define __FLT_DIG__ 6
#define __FLT_EPSILON__ 1.19209290e-7F
#define __FLT_EVAL_METHOD__ 0
#define __FLT_HAS_DENORM__ 1
#define __FLT_HAS_INFINITY__ 1
#define __FLT_HAS_QUIET_NAN__ 1
#define __FLT_MANT_DIG__ 24
#define __FLT_MAX_10_EXP__ 38
#define __FLT_MAX_EXP__ 128
#define __FLT_MAX__ 3.40282347e+38F
#define __FLT_MIN_10_EXP__ (-37)
#define __FLT_MIN_EXP__ (-125)
#define __FLT_MIN__ 1.17549435e-38F
#define __FLT_RADIX__ 2
#define __FXSR__ 1
#define __GCC_ASM_FLAG_OUTPUTS__ 1
#define __GCC_ATOMIC_BOOL_LOCK_FREE 2
#define __GCC_ATOMIC_CHAR16_T_LOCK_FREE 2
#define __GCC_ATOMIC_CHAR32_T_LOCK_FREE 2
#define __GCC_ATOMIC_CHAR_LOCK_FREE 2
#define __GCC_ATOMIC_INT_LOCK_FREE 2
#define __GCC_ATOMIC_LLONG_LOCK_FREE 2
#define __GCC_ATOMIC_LONG_LOCK_FREE 2
#define __GCC_ATOMIC_POINTER_LOCK_FREE 2
#define __GCC_ATOMIC_SHORT_LOCK_FREE 2
#define __GCC_ATOMIC_TEST_AND_SET_TRUEVAL 1
#define __GCC_ATOMIC_WCHAR_T_LOCK_FREE 2
#define __GCC_HAVE_SYNC_COMPARE_AND_SWAP_1 1
#define __GCC_HAVE_SYNC_COMPARE_AND_SWAP_16 1
#define __GCC_HAVE_SYNC_COMPARE_AND_SWAP_2 1
#define __GCC_HAVE_SYNC_COMPARE_AND_SWAP_4 1
#define __GCC_HAVE_SYNC_COMPARE_AND_SWAP_8 1
#define __GNUC_MINOR__ 2
#define __GNUC_PATCHLEVEL__ 1
#define __GNUC_STDC_INLINE__ 1
#define __GNUC__ 4
#define __GXX_ABI_VERSION 1002
#define __INT16_C_SUFFIX__ 
#define __INT16_FMTd__ "hd"
#define __INT16_FMTi__ "hi"
#define __INT16_MAX__ 32767
#define __INT16_TYPE__ short
#define __INT32_C_SUFFIX__ 
#define __INT32_FMTd__ "d"
#define __INT32_FMTi__ "i"
#define __INT32_MAX__ 2147483647
#define __INT32_TYPE__ int
#define __INT64_C_SUFFIX__ LL
#define __INT64_FMTd__ "lld"
#define __INT64_FMTi__ "lli"
#define __INT64_MAX__ 9223372036854775807LL
#define __INT64_TYPE__ long long int
#define __INT8_C_SUFFIX__ 
#define __INT8_FMTd__ "hhd"
#define __INT8_FMTi__ "hhi"
#define __INT8_MAX__ 127
#define __INT8_TYPE__ signed char
#define __INTMAX_C_SUFFIX__ L
#define __INTMAX_FMTd__ "ld"
#define __INTMAX_FMTi__ "li"
#define __INTMAX_MAX__ 9223372036854775807L
#define __INTMAX_TYPE__ long int
#define __INTMAX_WIDTH__ 64
#define __INTPTR_FMTd__ "ld"
#define __INTPTR_FMTi__ "li"
#define __INTPTR_MAX__ 9223372036854775807L
#define __INTPTR_TYPE__ long int
#define __INTPTR_WIDTH__ 64
#define __INT_FAST16_FMTd__ "hd"
#define __INT_FAST16_FMTi__ "hi"
#define __INT_FAST16_MAX__ 32767
#define __INT_FAST16_TYPE__ short
#define __INT_FAST32_FMTd__ "d"
#define __INT_FAST32_FMTi__ "i"
#define __INT_FAST32_MAX__ 2147483647
#define __INT_FAST32_TYPE__ int
#define __INT_FAST64_FMTd__ "lld"
#define __INT_FAST64_FMTi__ "lli"
#define __INT_FAST64_MAX__ 9223372036854775807LL
#define __INT_FAST64_TYPE__ long long int
#define __INT_FAST8_FMTd__ "hhd"
#define __INT_FAST8_FMTi__ "hhi"
#define __INT_FAST8_MAX__ 127
#define __INT_FAST8_TYPE__ signed char
#define __INT_LEAST16_FMTd__ "hd"
#define __INT_LEAST16_FMTi__ "hi"
#define __INT_LEAST16_MAX__ 32767
#define __INT_LEAST16_TYPE__ short
#define __INT_LEAST32_FMTd__ "d"
#define __INT_LEAST32_FMTi__ "i"
#define __INT_LEAST32_MAX__ 2147483647
#define __INT_LEAST32_TYPE__ int
#define __INT_LEAST64_FMTd__ "lld"
#define __INT_LEAST64_FMTi__ "lli"
#define __INT_LEAST64_MAX__ 9223372036854775807LL
#define __INT_LEAST64_TYPE__ long long int
#define __INT_LEAST8_FMTd__ "hhd"
#define __INT_LEAST8_FMTi__ "hhi"
#define __INT_LEAST8_MAX__ 127
#define __INT_LEAST8_TYPE__ signed char
#define __INT_MAX__ 2147483647
#define __LDBL_DECIMAL_DIG__ 21
#define __LDBL_DENORM_MIN__ 3.64519953188247460253e-4951L
#define __LDBL_DIG__ 18
#define __LDBL_EPSILON__ 1.08420217248550443401e-19L
#define __LDBL_HAS_DENORM__ 1
#define __LDBL_HAS_INFINITY__ 1
#define __LDBL_HAS_QUIET_NAN__ 1
#define __LDBL_MANT_DIG__ 64
#define __LDBL_MAX_10_EXP__ 4932
#define __LDBL_MAX_EXP__ 16384
#define __LDBL_MAX__ 1.18973149535723176502e+4932L
#define __LDBL_MIN_10_EXP__ (-4931)
#define __LDBL_MIN_EXP__ (-16381)
#define __LDBL_MIN__ 3.36210314311209350626e-4932L
#define __LITTLE_ENDIAN__ 1
#define __LONG_LONG_MAX__ 9223372036854775807LL
#define __LONG_MAX__ 9223372036854775807L
#define __LP64__ 1
#define __MACH__ 1
#define __MMX__ 1
#define __NO_INLINE__ 1
#define __NO_MATH_INLINES 1
#define __OBJC_BOOL_IS_BOOL 0
#define __OPENCL_MEMORY_SCOPE_ALL_SVM_DEVICES 3
#define __OPENCL_MEMORY_SCOPE_DEVICE 2
#define __OPENCL_MEMORY_SCOPE_SUB_GROUP 4
#define __OPENCL_MEMORY_SCOPE_WORK_GROUP 1
#define __OPENCL_MEMORY_SCOPE_WORK_ITEM 0
#define __ORDER_BIG_ENDIAN__ 4321
#define __ORDER_LITTLE_ENDIAN__ 1234
#define __ORDER_PDP_ENDIAN__ 3412
#define __PIC__ 2
#define __POINTER_WIDTH__ 64
#define __PRAGMA_REDEFINE_EXTNAME 1
#define __PTRDIFF_FMTd__ "ld"
#define __PTRDIFF_FMTi__ "li"
#define __PTRDIFF_MAX__ 9223372036854775807L
#define __PTRDIFF_TYPE__ long int
#define __PTRDIFF_WIDTH__ 64
#define __REGISTER_PREFIX__ 
#define __SCHAR_MAX__ 127
#define __SEG_FS 1
#define __SEG_GS 1
#define __SHRT_MAX__ 32767
#define __SIG_ATOMIC_MAX__ 2147483647
#define __SIG_ATOMIC_WIDTH__ 32
#define __SIZEOF_DOUBLE__ 8
#define __SIZEOF_FLOAT__ 4
#define __SIZEOF_INT128__ 16
#define __SIZEOF_INT__ 4
#define __SIZEOF_LONG_DOUBLE__ 16
#define __SIZEOF_LONG_LONG__ 8
#define __SIZEOF_LONG__ 8
#define __SIZEOF_POINTER__ 8
#define __SIZEOF_PTRDIFF_T__ 8
#define __SIZEOF_SHORT__ 2
#define __SIZEOF_SIZE_T__ 8
#define __SIZEOF_WCHAR_T__ 4
#define __SIZEOF_WINT_T__ 4
#define __SIZE_FMTX__ "lX"
#define __SIZE_FMTo__ "lo"
#define __SIZE_FMTu__ "lu"
#define __SIZE_FMTx__ "lx"
#define __SIZE_MAX__ 18446744073709551615UL
#define __SIZE_TYPE__ long unsigned int
#define __SIZE_WIDTH__ 64
#define __SSE2_MATH__ 1
#define __SSE2__ 1
#define __SSE3__ 1
#define __SSE4_1__ 1
#define __SSE_MATH__ 1
#define __SSE__ 1
#define __SSP__ 1
#define __SSSE3__ 1
#define __STDC_HOSTED__ 1
#define __STDC_NO_THREADS__ 1
#define __STDC_UTF_16__ 1
#define __STDC_UTF_32__ 1
#define __STDC_VERSION__ 201112L
#define __STDC__ 1
#define __UINT16_C_SUFFIX__ 
#define __UINT16_FMTX__ "hX"
#define __UINT16_FMTo__ "ho"
#define __UINT16_FMTu__ "hu"
#define __UINT16_FMTx__ "hx"
#define __UINT16_MAX__ 65535
#define __UINT16_TYPE__ unsigned short
#define __UINT32_C_SUFFIX__ U
#define __UINT32_FMTX__ "X"
#define __UINT32_FMTo__ "o"
#define __UINT32_FMTu__ "u"
#define __UINT32_FMTx__ "x"
#define __UINT32_MAX__ 4294967295U
#define __UINT32_TYPE__ unsigned int
#define __UINT64_C_SUFFIX__ ULL
#define __UINT64_FMTX__ "llX"
#define __UINT64_FMTo__ "llo"
#define __UINT64_FMTu__ "llu"
#define __UINT64_FMTx__ "llx"
#define __UINT64_MAX__ 18446744073709551615ULL
#define __UINT64_TYPE__ long long unsigned int
#define __UINT8_C_SUFFIX__ 
#define __UINT8_FMTX__ "hhX"
#define __UINT8_FMTo__ "hho"
#define __UINT8_FMTu__ "hhu"
#define __UINT8_FMTx__ "hhx"
#define __UINT8_MAX__ 255
#define __UINT8_TYPE__ unsigned char
#define __UINTMAX_C_SUFFIX__ UL
#define __UINTMAX_FMTX__ "lX"
#define __UINTMAX_FMTo__ "lo"
#define __UINTMAX_FMTu__ "lu"
#define __UINTMAX_FMTx__ "lx"
#define __UINTMAX_MAX__ 18446744073709551615UL
#define __UINTMAX_TYPE__ long unsigned int
#define __UINTMAX_WIDTH__ 64
#define __UINTPTR_FMTX__ "lX"
#define __UINTPTR_FMTo__ "lo"
#define __UINTPTR_FMTu__ "lu"
#define __UINTPTR_FMTx__ "lx"
#define __UINTPTR_MAX__ 18446744073709551615UL
#define __UINTPTR_TYPE__ long unsigned int
#define __UINTPTR_WIDTH__ 64
#define __UINT_FAST16_FMTX__ "hX"
#define __UINT_FAST16_FMTo__ "ho"
#define __UINT_FAST16_FMTu__ "hu"
#define __UINT_FAST16_FMTx__ "hx"
#define __UINT_FAST16_MAX__ 65535
#define __UINT_FAST16_TYPE__ unsigned short
#define __UINT_FAST32_FMTX__ "X"
#define __UINT_FAST32_FMTo__ "o"
#define __UINT_FAST32_FMTu__ "u"
#define __UINT_FAST32_FMTx__ "x"
#define __UINT_FAST32_MAX__ 4294967295U
#define __UINT_FAST32_TYPE__ unsigned int
#define __UINT_FAST64_FMTX__ "llX"
#define __UINT_FAST64_FMTo__ "llo"
#define __UINT_FAST64_FMTu__ "llu"
#define __UINT_FAST64_FMTx__ "llx"
#define __UINT_FAST64_MAX__ 18446744073709551615ULL
#define __UINT_FAST64_TYPE__ long long unsigned int
#define __UINT_FAST8_FMTX__ "hhX"
#define __UINT_FAST8_FMTo__ "hho"
#define __UINT_FAST8_FMTu__ "hhu"
#define __UINT_FAST8_FMTx__ "hhx"
#define __UINT_FAST8_MAX__ 255
#define __UINT_FAST8_TYPE__ unsigned char
#define __UINT_LEAST16_FMTX__ "hX"
#define __UINT_LEAST16_FMTo__ "ho"
#define __UINT_LEAST16_FMTu__ "hu"
#define __UINT_LEAST16_FMTx__ "hx"
#define __UINT_LEAST16_MAX__ 65535
#define __UINT_LEAST16_TYPE__ unsigned short
#define __UINT_LEAST32_FMTX__ "X"
#define __UINT_LEAST32_FMTo__ "o"
#define __UINT_LEAST32_FMTu__ "u"
#define __UINT_LEAST32_FMTx__ "x"
#define __UINT_LEAST32_MAX__ 4294967295U
#define __UINT_LEAST32_TYPE__ unsigned int
#define __UINT_LEAST64_FMTX__ "llX"
#define __UINT_LEAST64_FMTo__ "llo"
#define __UINT_LEAST64_FMTu__ "llu"
#define __UINT_LEAST64_FMTx__ "llx"
#define __UINT_LEAST64_MAX__ 18446744073709551615ULL
#define __UINT_LEAST64_TYPE__ long long unsigned int
#define __UINT_LEAST8_FMTX__ "hhX"
#define __UINT_LEAST8_FMTo__ "hho"
#define __UINT_LEAST8_FMTu__ "hhu"
#define __UINT_LEAST8_FMTx__ "hhx"
#define __UINT_LEAST8_MAX__ 255
#define __UINT_LEAST8_TYPE__ unsigned char
#define __USER_LABEL_PREFIX__ _
#define __VERSION__ "Apple LLVM 12.0.0 (clang-1200.0.28.3)"
#define __WCHAR_MAX__ 2147483647
#define __WCHAR_TYPE__ int
#define __WCHAR_WIDTH__ 32
#define __WINT_MAX__ 2147483647
#define __WINT_TYPE__ int
#define __WINT_WIDTH__ 32
#define __amd64 1
#define __amd64__ 1
#define __apple_build_version__ 12000028
#define __block __attribute__((__blocks__(byref)))
#define __clang__ 1
#define __clang_major__ 12
#define __clang_minor__ 0
#define __clang_patchlevel__ 0
#define __clang_version__ "12.0.0 (clang-1200.0.28.3)"
#define __code_model_small_ 1
#define __core2 1
#define __core2__ 1
#define __llvm__ 1
#define __nonnull _Nonnull
#define __null_unspecified _Null_unspecified
#define __nullable _Nullable
#define __pic__ 2
#define __seg_fs __attribute__((address_space(257)))
#define __seg_gs __attribute__((address_space(256)))
#define __strong 
#define __tune_core2__ 1
#define __unsafe_unretained 
#define __weak __attribute__((objc_gc(weak)))
#define __x86_64 1
#define __x86_64__ 1

find program=['llvm-ar', 'ar'] paths=['/usr/local/opt/make/libexec/gnubin', '/usr/local/opt/sqlite/bin', '/Users/frankwang/.cargo/bin', '/usr/local/bin/', '/usr/texbin', '/usr/local/sbin', '/Users/frankwang/platform-tools', '/Users/frankwang/bin', '/usr/local/opt/python@2/bin', '/usr/local/bin', '/usr/bin', '/bin', '/usr/sbin', '/sbin', '/opt/X11/bin', '/usr/local/CrossPack-AVR/bin', '/Library/Apple/usr/bin', '/Applications/VMware Fusion Tech Preview.app/Contents/Public', '/usr/local/share/dotnet', '/Library/Frameworks/Mono.framework/Versions/Current/Commands', '/Library/TeX/texbin', '/Applications/Xamarin Workbooks.app/Contents/SharedSupport/path-bin'] var='AR' -> ['/usr/bin/ar']
find program=['ar'] paths=['/usr/local/opt/make/libexec/gnubin', '/usr/local/opt/sqlite/bin', '/Users/frankwang/.cargo/bin', '/usr/local/bin/', '/usr/texbin', '/usr/local/sbin', '/Users/frankwang/platform-tools', '/Users/frankwang/bin', '/usr/local/opt/python@2/bin', '/usr/local/bin', '/usr/bin', '/bin', '/usr/sbin', '/sbin', '/opt/X11/bin', '/usr/local/CrossPack-AVR/bin', '/Library/Apple/usr/bin', '/Applications/VMware Fusion Tech Preview.app/Contents/Public', '/usr/local/share/dotnet', '/Library/Frameworks/Mono.framework/Versions/Current/Commands', '/Library/TeX/texbin', '/Applications/Xamarin Workbooks.app/Contents/SharedSupport/path-bin'] var='AR' -> ['/usr/bin/ar']
/usr/bin/clang++
------------------------------------------------
Checking for compilation flag -std=c++11 support
==>
int main() { return 0; }
<==
[1/1] Compiling [32mbuild/.conf_check_92724e97d2a8131cdbabec48e168cdc4/test.cpp[0m

['/usr/bin/clang++', '-O3', '-g', '-Wall', '-Werror', '-Wno-unused-local-typedefs', '-Wno-potentially-evaluated-expression', '-std=c++11', '-DNS3_BUILD_PROFILE_OPTIMIZED', '../test.cpp', '-c', '-o/Users/frankwang/GradSchool/Summer20/ns-allinone-3.31/ns-3.31/build/.conf_check_92724e97d2a8131cdbabec48e168cdc4/testbuild/test.cpp.1.o']
ok
------------------------------------------------
Checking boost includes
1_73
------------------------------------------------
Checking boost libs
Found the boost path in /usr/local/lib with the libraries:
    /usr/local/lib/libboost_atomic-mt.a
    /usr/local/lib/libboost_atomic-mt.dylib
    /usr/local/lib/libboost_chrono-mt.a
    /usr/local/lib/libboost_chrono-mt.dylib
    /usr/local/lib/libboost_chrono.a
    /usr/local/lib/libboost_chrono.dylib
    /usr/local/lib/libboost_container-mt.a
    /usr/local/lib/libboost_container-mt.dylib
    /usr/local/lib/libboost_container.a
    /usr/local/lib/libboost_container.dylib
    /usr/local/lib/libboost_context-mt.a
    /usr/local/lib/libboost_context-mt.dylib
    /usr/local/lib/libboost_contract-mt.a
    /usr/local/lib/libboost_contract-mt.dylib
    /usr/local/lib/libboost_contract.a
    /usr/local/lib/libboost_contract.dylib
    /usr/local/lib/libboost_coroutine-mt.a
    /usr/local/lib/libboost_coroutine-mt.dylib
    /usr/local/lib/libboost_coroutine.a
    /usr/local/lib/libboost_coroutine.dylib
    /usr/local/lib/libboost_date_time-mt.a
    /usr/local/lib/libboost_date_time-mt.dylib
    /usr/local/lib/libboost_date_time.a
    /usr/local/lib/libboost_date_time.dylib
    /usr/local/lib/libboost_exception-mt.a
    /usr/local/lib/libboost_exception.a
    /usr/local/lib/libboost_fiber-mt.a
    /usr/local/lib/libboost_fiber-mt.dylib
    /usr/local/lib/libboost_filesystem-mt.a
    /usr/local/lib/libboost_filesystem-mt.dylib
    /usr/local/lib/libboost_filesystem.a
    /usr/local/lib/libboost_filesystem.dylib
    /usr/local/lib/libboost_graph-mt.a
    /usr/local/lib/libboost_graph-mt.dylib
    /usr/local/lib/libboost_graph.a
    /usr/local/lib/libboost_graph.dylib
    /usr/local/lib/libboost_iostreams-mt.a
    /usr/local/lib/libboost_iostreams-mt.dylib
    /usr/local/lib/libboost_iostreams.a
    /usr/local/lib/libboost_iostreams.dylib
    /usr/local/lib/libboost_locale-mt.a
    /usr/local/lib/libboost_locale-mt.dylib
    /usr/local/lib/libboost_log-mt.a
    /usr/local/lib/libboost_log-mt.dylib
    /usr/local/lib/libboost_log.a
    /usr/local/lib/libboost_log.dylib
    /usr/local/lib/libboost_log_setup-mt.a
    /usr/local/lib/libboost_log_setup-mt.dylib
    /usr/local/lib/libboost_log_setup.a
    /usr/local/lib/libboost_log_setup.dylib
    /usr/local/lib/libboost_math_c99-mt.a
    /usr/local/lib/libboost_math_c99-mt.dylib
    /usr/local/lib/libboost_math_c99.a
    /usr/local/lib/libboost_math_c99.dylib
    /usr/local/lib/libboost_math_c99f-mt.a
    /usr/local/lib/libboost_math_c99f-mt.dylib
    /usr/local/lib/libboost_math_c99f.a
    /usr/local/lib/libboost_math_c99f.dylib
    /usr/local/lib/libboost_math_c99l-mt.a
    /usr/local/lib/libboost_math_c99l-mt.dylib
    /usr/local/lib/libboost_math_c99l.a
    /usr/local/lib/libboost_math_c99l.dylib
    /usr/local/lib/libboost_math_tr1-mt.a
    /usr/local/lib/libboost_math_tr1-mt.dylib
    /usr/local/lib/libboost_math_tr1.a
    /usr/local/lib/libboost_math_tr1.dylib
    /usr/local/lib/libboost_math_tr1f-mt.a
    /usr/local/lib/libboost_math_tr1f-mt.dylib
    /usr/local/lib/libboost_math_tr1f.a
    /usr/local/lib/libboost_math_tr1f.dylib
    /usr/local/lib/libboost_math_tr1l-mt.a
    /usr/local/lib/libboost_math_tr1l-mt.dylib
    /usr/local/lib/libboost_math_tr1l.a
    /usr/local/lib/libboost_math_tr1l.dylib
    /usr/local/lib/libboost_nowide-mt.a
    /usr/local/lib/libboost_nowide-mt.dylib
    /usr/local/lib/libboost_nowide.a
    /usr/local/lib/libboost_nowide.dylib
    /usr/local/lib/libboost_prg_exec_monitor-mt.a
    /usr/local/lib/libboost_prg_exec_monitor-mt.dylib
    /usr/local/lib/libboost_prg_exec_monitor.a
    /usr/local/lib/libboost_prg_exec_monitor.dylib
    /usr/local/lib/libboost_program_options-mt.a
    /usr/local/lib/libboost_program_options-mt.dylib
    /usr/local/lib/libboost_program_options.a
    /usr/local/lib/libboost_program_options.dylib
    /usr/local/lib/libboost_random-mt.a
    /usr/local/lib/libboost_random-mt.dylib
    /usr/local/lib/libboost_random.a
    /usr/local/lib/libboost_random.dylib
    /usr/local/lib/libboost_regex-mt.a
    /usr/local/lib/libboost_regex-mt.dylib
    /usr/local/lib/libboost_regex.a
    /usr/local/lib/libboost_regex.dylib
    /usr/local/lib/libboost_serialization-mt.a
    /usr/local/lib/libboost_serialization-mt.dylib
    /usr/local/lib/libboost_serialization.a
    /usr/local/lib/libboost_serialization.dylib
    /usr/local/lib/libboost_stacktrace_addr2line-mt.a
    /usr/local/lib/libboost_stacktrace_addr2line-mt.dylib
    /usr/local/lib/libboost_stacktrace_addr2line.a
    /usr/local/lib/libboost_stacktrace_addr2line.dylib
    /usr/local/lib/libboost_stacktrace_basic-mt.a
    /usr/local/lib/libboost_stacktrace_basic-mt.dylib
    /usr/local/lib/libboost_stacktrace_basic.a
    /usr/local/lib/libboost_stacktrace_basic.dylib
    /usr/local/lib/libboost_stacktrace_noop-mt.a
    /usr/local/lib/libboost_stacktrace_noop-mt.dylib
    /usr/local/lib/libboost_stacktrace_noop.a
    /usr/local/lib/libboost_stacktrace_noop.dylib
    /usr/local/lib/libboost_system-mt.a
    /usr/local/lib/libboost_system-mt.dylib
    /usr/local/lib/libboost_system.a
    /usr/local/lib/libboost_system.dylib
    /usr/local/lib/libboost_test_exec_monitor-mt.a
    /usr/local/lib/libboost_test_exec_monitor.a
    /usr/local/lib/libboost_thread-mt.a
    /usr/local/lib/libboost_thread-mt.dylib
    /usr/local/lib/libboost_timer-mt.a
    /usr/local/lib/libboost_timer-mt.dylib
    /usr/local/lib/libboost_timer.a
    /usr/local/lib/libboost_timer.dylib
    /usr/local/lib/libboost_type_erasure-mt.a
    /usr/local/lib/libboost_type_erasure-mt.dylib
    /usr/local/lib/libboost_type_erasure.a
    /usr/local/lib/libboost_type_erasure.dylib
    /usr/local/lib/libboost_unit_test_framework-mt.a
    /usr/local/lib/libboost_unit_test_framework-mt.dylib
    /usr/local/lib/libboost_unit_test_framework.a
    /usr/local/lib/libboost_unit_test_framework.dylib
    /usr/local/lib/libboost_wave-mt.a
    /usr/local/lib/libboost_wave-mt.dylib
    /usr/local/lib/libboost_wave.a
    /usr/local/lib/libboost_wave.dylib
    /usr/local/lib/libboost_wserialization-mt.a
    /usr/local/lib/libboost_wserialization-mt.dylib
    /usr/local/lib/libboost_wserialization.a
    /usr/local/lib/libboost_wserialization.dylib
Trying pattern boost_system(-xgcc[0-9]{0,3})-1_73.dylib$
Trying pattern boost_system-1_73.dylib$
Trying pattern boost_system(-xgcc[0-9]{0,3}).dylib$
Trying pattern boost_system.dylib$
Found boost lib /usr/local/lib/libboost_system.dylib
Trying pattern boost_signals(-xgcc[0-9]{0,3})-1_73.dylib$
Trying pattern boost_signals-1_73.dylib$
Trying pattern boost_signals(-xgcc[0-9]{0,3}).dylib$
Trying pattern boost_signals.dylib$
Trying pattern boost_signals.dylib$
Trying pattern boost_signals
lib signals not found in /usr/local/lib
from /Users/frankwang/GradSchool/Summer20/ns-allinone-3.31/ns-3.31: The configuration failed
------------------------------------------------
Checking boost includes
1_73
------------------------------------------------
Checking boost libs
Found the boost path in /usr/local/lib with the libraries:
    /usr/local/lib/libboost_atomic-mt.a
    /usr/local/lib/libboost_atomic-mt.dylib
    /usr/local/lib/libboost_chrono-mt.a
    /usr/local/lib/libboost_chrono-mt.dylib
    /usr/local/lib/libboost_chrono.a
    /usr/local/lib/libboost_chrono.dylib
    /usr/local/lib/libboost_container-mt.a
    /usr/local/lib/libboost_container-mt.dylib
    /usr/local/lib/libboost_container.a
    /usr/local/lib/libboost_container.dylib
    /usr/local/lib/libboost_context-mt.a
    /usr/local/lib/libboost_context-mt.dylib
    /usr/local/lib/libboost_contract-mt.a
    /usr/local/lib/libboost_contract-mt.dylib
    /usr/local/lib/libboost_contract.a
    /usr/local/lib/libboost_contract.dylib
    /usr/local/lib/libboost_coroutine-mt.a
    /usr/local/lib/libboost_coroutine-mt.dylib
    /usr/local/lib/libboost_coroutine.a
    /usr/local/lib/libboost_coroutine.dylib
    /usr/local/lib/libboost_date_time-mt.a
    /usr/local/lib/libboost_date_time-mt.dylib
    /usr/local/lib/libboost_date_time.a
    /usr/local/lib/libboost_date_time.dylib
    /usr/local/lib/libboost_exception-mt.a
    /usr/local/lib/libboost_exception.a
    /usr/local/lib/libboost_fiber-mt.a
    /usr/local/lib/libboost_fiber-mt.dylib
    /usr/local/lib/libboost_filesystem-mt.a
    /usr/local/lib/libboost_filesystem-mt.dylib
    /usr/local/lib/libboost_filesystem.a
    /usr/local/lib/libboost_filesystem.dylib
    /usr/local/lib/libboost_graph-mt.a
    /usr/local/lib/libboost_graph-mt.dylib
    /usr/local/lib/libboost_graph.a
    /usr/local/lib/libboost_graph.dylib
    /usr/local/lib/libboost_iostreams-mt.a
    /usr/local/lib/libboost_iostreams-mt.dylib
    /usr/local/lib/libboost_iostreams.a
    /usr/local/lib/libboost_iostreams.dylib
    /usr/local/lib/libboost_locale-mt.a
    /usr/local/lib/libboost_locale-mt.dylib
    /usr/local/lib/libboost_log-mt.a
    /usr/local/lib/libboost_log-mt.dylib
    /usr/local/lib/libboost_log.a
    /usr/local/lib/libboost_log.dylib
    /usr/local/lib/libboost_log_setup-mt.a
    /usr/local/lib/libboost_log_setup-mt.dylib
    /usr/local/lib/libboost_log_setup.a
    /usr/local/lib/libboost_log_setup.dylib
    /usr/local/lib/libboost_math_c99-mt.a
    /usr/local/lib/libboost_math_c99-mt.dylib
    /usr/local/lib/libboost_math_c99.a
    /usr/local/lib/libboost_math_c99.dylib
    /usr/local/lib/libboost_math_c99f-mt.a
    /usr/local/lib/libboost_math_c99f-mt.dylib
    /usr/local/lib/libboost_math_c99f.a
    /usr/local/lib/libboost_math_c99f.dylib
    /usr/local/lib/libboost_math_c99l-mt.a
    /usr/local/lib/libboost_math_c99l-mt.dylib
    /usr/local/lib/libboost_math_c99l.a
    /usr/local/lib/libboost_math_c99l.dylib
    /usr/local/lib/libboost_math_tr1-mt.a
    /usr/local/lib/libboost_math_tr1-mt.dylib
    /usr/local/lib/libboost_math_tr1.a
    /usr/local/lib/libboost_math_tr1.dylib
    /usr/local/lib/libboost_math_tr1f-mt.a
    /usr/local/lib/libboost_math_tr1f-mt.dylib
    /usr/local/lib/libboost_math_tr1f.a
    /usr/local/lib/libboost_math_tr1f.dylib
    /usr/local/lib/libboost_math_tr1l-mt.a
    /usr/local/lib/libboost_math_tr1l-mt.dylib
    /usr/local/lib/libboost_math_tr1l.a
    /usr/local/lib/libboost_math_tr1l.dylib
    /usr/local/lib/libboost_nowide-mt.a
    /usr/local/lib/libboost_nowide-mt.dylib
    /usr/local/lib/libboost_nowide.a
    /usr/local/lib/libboost_nowide.dylib
    /usr/local/lib/libboost_prg_exec_monitor-mt.a
    /usr/local/lib/libboost_prg_exec_monitor-mt.dylib
    /usr/local/lib/libboost_prg_exec_monitor.a
    /usr/local/lib/libboost_prg_exec_monitor.dylib
    /usr/local/lib/libboost_program_options-mt.a
    /usr/local/lib/libboost_program_options-mt.dylib
    /usr/local/lib/libboost_program_options.a
    /usr/local/lib/libboost_program_options.dylib
    /usr/local/lib/libboost_random-mt.a
    /usr/local/lib/libboost_random-mt.dylib
    /usr/local/lib/libboost_random.a
    /usr/local/lib/libboost_random.dylib
    /usr/local/lib/libboost_regex-mt.a
    /usr/local/lib/libboost_regex-mt.dylib
    /usr/local/lib/libboost_regex.a
    /usr/local/lib/libboost_regex.dylib
    /usr/local/lib/libboost_serialization-mt.a
    /usr/local/lib/libboost_serialization-mt.dylib
    /usr/local/lib/libboost_serialization.a
    /usr/local/lib/libboost_serialization.dylib
    /usr/local/lib/libboost_stacktrace_addr2line-mt.a
    /usr/local/lib/libboost_stacktrace_addr2line-mt.dylib
    /usr/local/lib/libboost_stacktrace_addr2line.a
    /usr/local/lib/libboost_stacktrace_addr2line.dylib
    /usr/local/lib/libboost_stacktrace_basic-mt.a
    /usr/local/lib/libboost_stacktrace_basic-mt.dylib
    /usr/local/lib/libboost_stacktrace_basic.a
    /usr/local/lib/libboost_stacktrace_basic.dylib
    /usr/local/lib/libboost_stacktrace_noop-mt.a
    /usr/local/lib/libboost_stacktrace_noop-mt.dylib
    /usr/local/lib/libboost_stacktrace_noop.a
    /usr/local/lib/libboost_stacktrace_noop.dylib
    /usr/local/lib/libboost_system-mt.a
    /usr/local/lib/libboost_system-mt.dylib
    /usr/local/lib/libboost_system.a
    /usr/local/lib/libboost_system.dylib
    /usr/local/lib/libboost_test_exec_monitor-mt.a
    /usr/local/lib/libboost_test_exec_monitor.a
    /usr/local/lib/libboost_thread-mt.a
    /usr/local/lib/libboost_thread-mt.dylib
    /usr/local/lib/libboost_timer-mt.a
    /usr/local/lib/libboost_timer-mt.dylib
    /usr/local/lib/libboost_timer.a
    /usr/local/lib/libboost_timer.dylib
    /usr/local/lib/libboost_type_erasure-mt.a
    /usr/local/lib/libboost_type_erasure-mt.dylib
    /usr/local/lib/libboost_type_erasure.a
    /usr/local/lib/libboost_type_erasure.dylib
    /usr/local/lib/libboost_unit_test_framework-mt.a
    /usr/local/lib/libboost_unit_test_framework-mt.dylib
    /usr/local/lib/libboost_unit_test_framework.a
    /usr/local/lib/libboost_unit_test_framework.dylib
    /usr/local/lib/libboost_wave-mt.a
    /usr/local/lib/libboost_wave-mt.dylib
    /usr/local/lib/libboost_wave.a
    /usr/local/lib/libboost_wave.dylib
    /usr/local/lib/libboost_wserialization-mt.a
    /usr/local/lib/libboost_wserialization-mt.dylib
    /usr/local/lib/libboost_wserialization.a
    /usr/local/lib/libboost_wserialization.dylib
Trying pattern boost_system(-xgcc[0-9]{0,3})-1_73.dylib$
Trying pattern boost_system-1_73.dylib$
Trying pattern boost_system(-xgcc[0-9]{0,3}).dylib$
Trying pattern boost_system.dylib$
Found boost lib /usr/local/lib/libboost_system.dylib
Trying pattern boost_signals(-xgcc[0-9]{0,3})-1_73.dylib$
Trying pattern boost_signals-1_73.dylib$
Trying pattern boost_signals(-xgcc[0-9]{0,3}).dylib$
Trying pattern boost_signals.dylib$
Trying pattern boost_signals.dylib$
Trying pattern boost_signals
lib signals not found in /usr/local/lib
from /Users/frankwang/GradSchool/Summer20/ns-allinone-3.31/ns-3.31: The configuration failed
------------------------------------------------
Checking for program 'python'
/Applications/Xcode-beta.app/Contents/Developer/usr/bin/python3
find program=['python'] paths=['/usr/local/opt/make/libexec/gnubin', '/usr/local/opt/sqlite/bin', '/Users/frankwang/.cargo/bin', '/usr/local/bin/', '/usr/texbin', '/usr/local/sbin', '/Users/frankwang/platform-tools', '/Users/frankwang/bin', '/usr/local/opt/python@2/bin', '/usr/local/bin', '/usr/bin', '/bin', '/usr/sbin', '/sbin', '/opt/X11/bin', '/usr/local/CrossPack-AVR/bin', '/Library/Apple/usr/bin', '/Applications/VMware Fusion Tech Preview.app/Contents/Public', '/usr/local/share/dotnet', '/Library/Frameworks/Mono.framework/Versions/Current/Commands', '/Library/TeX/texbin', '/Applications/Xamarin Workbooks.app/Contents/SharedSupport/path-bin'] var='PYTHON' -> ['/Applications/Xcode-beta.app/Contents/Developer/usr/bin/python3']
['/Applications/Xcode-beta.app/Contents/Developer/usr/bin/python3', '-c', 'import imp;print(imp.get_tag())']
out: cpython-38

err: <string>:1: DeprecationWarning: the imp module is deprecated in favour of importlib; see the module's documentation for alternative uses

['/Applications/Xcode-beta.app/Contents/Developer/usr/bin/python3', '-c', 'import sys\nfor x in sys.version_info: print(str(x))']
out: 3
8
2
final
0

['/Applications/Xcode-beta.app/Contents/Developer/usr/bin/python3', '-c', "from distutils.sysconfig import get_config_var, get_python_lib\n\nprint(repr(get_python_lib(standard_lib=0, prefix='/usr/local') or ''))"]
out: '/usr/local/lib/python3.8/site-packages'

'/usr/local/lib/python3.8/site-packages'

['/Applications/Xcode-beta.app/Contents/Developer/usr/bin/python3', '-c', "from distutils.sysconfig import get_config_var, get_python_lib\n\nprint(repr(get_python_lib(plat_specific=1, standard_lib=0, prefix='/usr/local') or ''))"]
out: '/usr/local/lib/python3.8/site-packages'

'/usr/local/lib/python3.8/site-packages'

------------------------------------------------
Checking for python version >= 2.3
3.8.2
['/Applications/Xcode-beta.app/Contents/Developer/usr/bin/python3', '-c', "from distutils.sysconfig import get_config_var, get_python_lib\n\nprint(repr(get_config_var('prefix') or ''))\nprint(repr(get_config_var('SO') or ''))\nprint(repr(get_config_var('LDFLAGS') or ''))\nprint(repr(get_config_var('LIBDIR') or ''))\nprint(repr(get_config_var('LIBPL') or ''))\nprint(repr(get_config_var('INCLUDEPY') or ''))\nprint(repr(get_config_var('Py_ENABLE_SHARED') or ''))\nprint(repr(get_config_var('MACOSX_DEPLOYMENT_TARGET') or ''))\nprint(repr(get_config_var('LDSHARED') or ''))\nprint(repr(get_config_var('CFLAGS') or ''))\nprint(repr(get_config_var('LDVERSION') or ''))"]
out: '/Applications/Xcode-beta.app/Contents/Developer/Library/Frameworks/Python3.framework/Versions/3.8'
'.cpython-38-darwin.so'
'-Wl,-headerpad,0x1000 -arch arm64 -arch x86_64'
'/Applications/Xcode.app/Contents/Developer/Library/Frameworks/Python3.framework/Versions/3.8/lib'
'/Applications/Xcode.app/Contents/Developer/Library/Frameworks/Python3.framework/Versions/3.8/lib/python3.8/config-3.8-darwin'
'/Applications/Xcode.app/Contents/Developer/Library/Frameworks/Python3.framework/Versions/3.8/Headers'
''
'10.14.6'
'xcrun -sdk macosx clang -bundle -undefined dynamic_lookup -Wl,-headerpad,0x1000 -arch arm64 -arch x86_64'
'-Wno-unused-result -Wsign-compare -Wunreachable-code -fno-common -dynamic -DNDEBUG -g -fwrapv -O3 -Wall -iwithsysroot/System/Library/Frameworks/System.framework/PrivateHeaders -iwithsysroot/Applications/Xcode.app/Contents/Developer/Library/Frameworks/Python3.framework/Versions/3.8/Headers -arch arm64 -arch x86_64'
'3.8'

err: <string>:4: DeprecationWarning: SO is deprecated, use EXT_SUFFIX

'/Applications/Xcode-beta.app/Contents/Developer/Library/Frameworks/Python3.framework/Versions/3.8'
'.cpython-38-darwin.so'
'-Wl,-headerpad,0x1000 -arch arm64 -arch x86_64'
'/Applications/Xcode.app/Contents/Developer/Library/Frameworks/Python3.framework/Versions/3.8/lib'
'/Applications/Xcode.app/Contents/Developer/Library/Frameworks/Python3.framework/Versions/3.8/lib/python3.8/config-3.8-darwin'
'/Applications/Xcode.app/Contents/Developer/Library/Frameworks/Python3.framework/Versions/3.8/Headers'
''
'10.14.6'
'xcrun -sdk macosx clang -bundle -undefined dynamic_lookup -Wl,-headerpad,0x1000 -arch arm64 -arch x86_64'
'-Wno-unused-result -Wsign-compare -Wunreachable-code -fno-common -dynamic -DNDEBUG -g -fwrapv -O3 -Wall -iwithsysroot/System/Library/Frameworks/System.framework/PrivateHeaders -iwithsysroot/Applications/Xcode.app/Contents/Developer/Library/Frameworks/Python3.framework/Versions/3.8/Headers -arch arm64 -arch x86_64'
'3.8'

Configuration returned from ['/Applications/Xcode-beta.app/Contents/Developer/usr/bin/python3']:
prefix = '/Applications/Xcode-beta.app/Contents/Developer/Library/Frameworks/Python3.framework/Versions/3.8'
SO = '.cpython-38-darwin.so'
LDFLAGS = '-Wl,-headerpad,0x1000 -arch arm64 -arch x86_64'
LIBDIR = '/Applications/Xcode.app/Contents/Developer/Library/Frameworks/Python3.framework/Versions/3.8/lib'
LIBPL = '/Applications/Xcode.app/Contents/Developer/Library/Frameworks/Python3.framework/Versions/3.8/lib/python3.8/config-3.8-darwin'
INCLUDEPY = '/Applications/Xcode.app/Contents/Developer/Library/Frameworks/Python3.framework/Versions/3.8/Headers'
Py_ENABLE_SHARED = ''
MACOSX_DEPLOYMENT_TARGET = '10.14.6'
LDSHARED = 'xcrun -sdk macosx clang -bundle -undefined dynamic_lookup -Wl,-headerpad,0x1000 -arch arm64 -arch x86_64'
CFLAGS = '-Wno-unused-result -Wsign-compare -Wunreachable-code -fno-common -dynamic -DNDEBUG -g -fwrapv -O3 -Wall -iwithsysroot/System/Library/Frameworks/System.framework/PrivateHeaders -iwithsysroot/Applications/Xcode.app/Contents/Developer/Library/Frameworks/Python3.framework/Versions/3.8/Headers -arch arm64 -arch x86_64'
LDVERSION = '3.8'

------------------------------------------------
python-config
/Applications/Xcode-beta.app/Contents/Developer/usr/bin/python3-config
find program=['/Applications/Xcode-beta.app/Contents/Developer/usr/bin/python3-config', 'python3.8-config', 'python-config-3.8', 'python3.8m-config'] paths=['/usr/local/opt/make/libexec/gnubin', '/usr/local/opt/sqlite/bin', '/Users/frankwang/.cargo/bin', '/usr/local/bin/', '/usr/texbin', '/usr/local/sbin', '/Users/frankwang/platform-tools', '/Users/frankwang/bin', '/usr/local/opt/python@2/bin', '/usr/local/bin', '/usr/bin', '/bin', '/usr/sbin', '/sbin', '/opt/X11/bin', '/usr/local/CrossPack-AVR/bin', '/Library/Apple/usr/bin', '/Applications/VMware Fusion Tech Preview.app/Contents/Public', '/usr/local/share/dotnet', '/Library/Frameworks/Mono.framework/Versions/Current/Commands', '/Library/TeX/texbin', '/Applications/Xamarin Workbooks.app/Contents/SharedSupport/path-bin'] var='PYTHON_CONFIG' -> ['/Applications/Xcode-beta.app/Contents/Developer/usr/bin/python3-config']
--------------------------------------------------------------------------
Asking python-config for pyembed '--cflags --libs --ldflags --embed' flags
['/Applications/Xcode-beta.app/Contents/Developer/usr/bin/python3-config', '--cflags', '--libs', '--ldflags', '--embed']
out: -I/Library/Python/3.8/include -I/Library/Python/3.8/include -Wno-unused-result -Wsign-compare -Wunreachable-code -fno-common -dynamic -DNDEBUG -g -fwrapv -O3 -Wall -iwithsysroot/System/Library/Frameworks/System.framework/PrivateHeaders -iwithsysroot/Applications/Xcode.app/Contents/Developer/Library/Frameworks/Python3.framework/Versions/3.8/Headers -arch arm64 -arch x86_64
-lpython3.8 -ldl -lSystem -framework CoreFoundation
-L/Applications/Xcode.app/Contents/Developer/Library/Frameworks/Python3.framework/Versions/3.8/lib/python3.8/config-3.8-darwin -lpython3.8 -ldl -lSystem -framework CoreFoundation

Unhandled flag '-Wno-unused-result'
Unhandled flag '-Wsign-compare'
Unhandled flag '-Wunreachable-code'
Unhandled flag '-Wall'
yes
--------------------------------------------------------------------------
Testing pyembed configuration
==>

#include <Python.h>
#ifdef __cplusplus
extern "C" {
#endif
	void Py_Initialize(void);
	void Py_Finalize(void);
#ifdef __cplusplus
}
#endif
int main(int argc, char **argv)
{
   (void)argc; (void)argv;
   Py_Initialize();
   Py_Finalize();
   return 0;
}

<==
[1/2] Compiling [32mbuild/.conf_check_f8ef775e3cf1f559b692147c1226d7ba/test.cpp[0m

['/usr/bin/clang++', '-O3', '-g', '-Wall', '-Werror', '-Wno-unused-local-typedefs', '-Wno-potentially-evaluated-expression', '-std=c++11', '-fno-common', '-dynamic', '-g', '-fwrapv', '-O3', '-iwithsysroot/System/Library/Frameworks/System.framework/PrivateHeaders', '-iwithsysroot/Applications/Xcode.app/Contents/Developer/Library/Frameworks/Python3.framework/Versions/3.8/Headers', '-arch', 'arm64', '-arch', 'x86_64', '-I/Library/Python/3.8/include', '-DNS3_BUILD_PROFILE_OPTIMIZED', '-DPYTHONDIR="/usr/local/lib/python3.8/site-packages"', '-DPYTHONARCHDIR="/usr/local/lib/python3.8/site-packages"', '-DNDEBUG', '../test.cpp', '-c', '-o/Users/frankwang/GradSchool/Summer20/ns-allinone-3.31/ns-3.31/build/.conf_check_f8ef775e3cf1f559b692147c1226d7ba/testbuild/test.cpp.1.o']
err: ../test.cpp:2:10: fatal error: 'Python.h' file not found
#include <Python.h>
         ^~~~~~~~~~
1 error generated.

from /Users/frankwang/GradSchool/Summer20/ns-allinone-3.31/ns-3.31/bindings/python: Test does not build: Traceback (most recent call last):
  File "/Users/frankwang/GradSchool/Summer20/ns-allinone-3.31/ns-3.31/.waf3-2.0.18-ff4ae9f5cc05353d3dc3aeff8854ae69/waflib/Configure.py", line 333, in run_build
    bld.compile()
  File "/Users/frankwang/GradSchool/Summer20/ns-allinone-3.31/ns-3.31/.waf3-2.0.18-ff4ae9f5cc05353d3dc3aeff8854ae69/waflib/Build.py", line 176, in compile
    raise Errors.BuildError(self.producer.error)
waflib.Errors.BuildError: Build failed
 -> task in 'testprog' failed with exit status 1 (run with -v to display more information)

Could not build a python embedded interpreter
from /Users/frankwang/GradSchool/Summer20/ns-allinone-3.31/ns-3.31/bindings/python: The configuration failed
--------------------------------------------------------------------------
Checking for click location
not found
--------------------------------------------------------------------------
Checking for program 'pkg-config'
/usr/local/bin/pkg-config
find program=['pkg-config'] paths=['/usr/local/opt/make/libexec/gnubin', '/usr/local/opt/sqlite/bin', '/Users/frankwang/.cargo/bin', '/usr/local/bin/', '/usr/texbin', '/usr/local/sbin', '/Users/frankwang/platform-tools', '/Users/frankwang/bin', '/usr/local/opt/python@2/bin', '/usr/local/bin', '/usr/bin', '/bin', '/usr/sbin', '/sbin', '/opt/X11/bin', '/usr/local/CrossPack-AVR/bin', '/Library/Apple/usr/bin', '/Applications/VMware Fusion Tech Preview.app/Contents/Public', '/usr/local/share/dotnet', '/Library/Frameworks/Mono.framework/Versions/Current/Commands', '/Library/TeX/texbin', '/Applications/Xamarin Workbooks.app/Contents/SharedSupport/path-bin'] var='PKGCONFIG' -> ['/usr/local/bin/pkg-config']
--------------------------------------------------------------------------
Checking for 'gtk+-3.0'
['/usr/local/bin/pkg-config', '--cflags', '--libs', 'gtk+-3.0']
out: -I/usr/local/Cellar/libffi/3.3/include -I/usr/local/Cellar/gtk+3/3.24.22/include/gtk-3.0 -I/usr/local/Cellar/glib/2.64.4_2/include/gio-unix-2.0 -I/usr/local/Cellar/cairo/1.16.0_3/include/cairo -I/usr/local/Cellar/libepoxy/1.5.4_1/include -I/usr/local/Cellar/pango/1.46.0/include/pango-1.0 -I/usr/local/Cellar/fribidi/1.0.10/include/fribidi -I/usr/local/Cellar/harfbuzz/2.7.1/include/harfbuzz -I/usr/local/Cellar/graphite2/1.3.14/include -I/usr/local/Cellar/atk/2.36.0/include/atk-1.0 -I/usr/local/Cellar/cairo/1.16.0_3/include/cairo -I/usr/local/Cellar/pixman/0.40.0/include/pixman-1 -I/usr/local/Cellar/fontconfig/2.13.1/include -I/usr/local/opt/freetype/include/freetype2 -I/usr/local/Cellar/libpng/1.6.37/include/libpng16 -I/usr/local/Cellar/gdk-pixbuf/2.40.0_1/include/gdk-pixbuf-2.0 -I/usr/local/Cellar/glib/2.64.4_2/include -I/usr/local/Cellar/glib/2.64.4_2/include/glib-2.0 -I/usr/local/Cellar/glib/2.64.4_2/lib/glib-2.0/include -I/usr/local/opt/gettext/include -I/usr/local/Cellar/pcre/8.44/include -L/usr/local/Cellar/gtk+3/3.24.22/lib -L/usr/local/Cellar/pango/1.46.0/lib -L/usr/local/Cellar/harfbuzz/2.7.1/lib -L/usr/local/Cellar/atk/2.36.0/lib -L/usr/local/Cellar/cairo/1.16.0_3/lib -L/usr/local/Cellar/gdk-pixbuf/2.40.0_1/lib -L/usr/local/Cellar/glib/2.64.4_2/lib -L/usr/local/opt/gettext/lib -lgtk-3 -lgdk-3 -Wl,-framework,Cocoa -Wl,-framework,Carbon -Wl,-framework,CoreGraphics -lpangocairo-1.0 -lpango-1.0 -lharfbuzz -latk-1.0 -lcairo-gobject -lcairo -lgdk_pixbuf-2.0 -lgio-2.0 -lgobject-2.0 -lglib-2.0 -lintl

yes
--------------------------------------------------------------------------
Checking for 'libxml-2.0'
['/usr/local/bin/pkg-config', '--cflags', '--libs', 'libxml-2.0']
out: -lxml2

yes
--------------------------------------------------------------------------
checking for uint128_t
==>

        #include <stdint.h>
        
        int main(int argc, char **argv) {
	(void)argc; (void)argv;
	if ((uint128_t *) 0) return 0;
	if (sizeof (uint128_t)) return 0;
	return 1;
        }
        
<==
[1/2] Compiling [32mbuild/.conf_check_facce93b27c0b28e5964dbe835d44fd5/test.cpp[0m

['/usr/bin/clang++', '-O3', '-g', '-Wall', '-Werror', '-Wno-unused-local-typedefs', '-Wno-potentially-evaluated-expression', '-std=c++11', '-Wno-error=deprecated-declarations', '-DNS3_BUILD_PROFILE_OPTIMIZED', '../test.cpp', '-c', '-o/Users/frankwang/GradSchool/Summer20/ns-allinone-3.31/ns-3.31/build/.conf_check_facce93b27c0b28e5964dbe835d44fd5/testbuild/test.cpp.1.o']
err: ../test.cpp:6:7: error: use of undeclared identifier 'uint128_t'
        if ((uint128_t *) 0) return 0;
             ^
../test.cpp:6:18: error: expected expression
        if ((uint128_t *) 0) return 0;
                        ^
../test.cpp:7:14: error: use of undeclared identifier 'uint128_t'
        if (sizeof (uint128_t)) return 0;
                    ^
3 errors generated.

from /Users/frankwang/GradSchool/Summer20/ns-allinone-3.31/ns-3.31/src/core: Test does not build: Traceback (most recent call last):
  File "/Users/frankwang/GradSchool/Summer20/ns-allinone-3.31/ns-3.31/.waf3-2.0.18-ff4ae9f5cc05353d3dc3aeff8854ae69/waflib/Configure.py", line 333, in run_build
    bld.compile()
  File "/Users/frankwang/GradSchool/Summer20/ns-allinone-3.31/ns-3.31/.waf3-2.0.18-ff4ae9f5cc05353d3dc3aeff8854ae69/waflib/Build.py", line 176, in compile
    raise Errors.BuildError(self.producer.error)
waflib.Errors.BuildError: Build failed
 -> task in 'testprog' failed with exit status 1 (run with -v to display more information)

not found
from /Users/frankwang/GradSchool/Summer20/ns-allinone-3.31/ns-3.31/src/core: The configuration failed
--------------------------------------------------------------------------
checking for __uint128_t
==>

        #include <stdint.h>
        
        int main(int argc, char **argv) {
	(void)argc; (void)argv;
	if ((__uint128_t *) 0) return 0;
	if (sizeof (__uint128_t)) return 0;
	return 1;
        }
        
<==
[1/2] Compiling [32mbuild/.conf_check_b56575a1cf831cd90b0428197c1674e0/test.cpp[0m

['/usr/bin/clang++', '-O3', '-g', '-Wall', '-Werror', '-Wno-unused-local-typedefs', '-Wno-potentially-evaluated-expression', '-std=c++11', '-Wno-error=deprecated-declarations', '-DNS3_BUILD_PROFILE_OPTIMIZED', '../test.cpp', '-c', '-o/Users/frankwang/GradSchool/Summer20/ns-allinone-3.31/ns-3.31/build/.conf_check_b56575a1cf831cd90b0428197c1674e0/testbuild/test.cpp.1.o']
[2/2] Linking [33mbuild/.conf_check_b56575a1cf831cd90b0428197c1674e0/testbuild/testprog[0m

['/usr/bin/clang++', 'test.cpp.1.o', '-o/Users/frankwang/GradSchool/Summer20/ns-allinone-3.31/ns-3.31/build/.conf_check_b56575a1cf831cd90b0428197c1674e0/testbuild/testprog']
yes
--------------------------------------------------------------------------
Checking high precision implementation
128-bit integer (default)
--------------------------------------------------------------------------
Checking for header stdint.h
==>
#include <stdint.h>

int main(int argc, char **argv) {
	(void)argc; (void)argv;
	return 0;
}

<==
[1/2] Compiling [32mbuild/.conf_check_87dc75f4d5a4d81d3de89ccc66d2f410/test.cpp[0m

['/usr/bin/clang++', '-O3', '-g', '-Wall', '-Werror', '-Wno-unused-local-typedefs', '-Wno-potentially-evaluated-expression', '-std=c++11', '-Wno-error=deprecated-declarations', '-DNS3_BUILD_PROFILE_OPTIMIZED', '-DHAVE___UINT128_T=1', '-DINT64X64_USE_128=1', '../test.cpp', '-c', '-o/Users/frankwang/GradSchool/Summer20/ns-allinone-3.31/ns-3.31/build/.conf_check_87dc75f4d5a4d81d3de89ccc66d2f410/testbuild/test.cpp.1.o']
[2/2] Linking [33mbuild/.conf_check_87dc75f4d5a4d81d3de89ccc66d2f410/testbuild/testprog[0m

['/usr/bin/clang++', 'test.cpp.1.o', '-o/Users/frankwang/GradSchool/Summer20/ns-allinone-3.31/ns-3.31/build/.conf_check_87dc75f4d5a4d81d3de89ccc66d2f410/testbuild/testprog']
yes
--------------------------------------------------------------------------
Checking for header inttypes.h
==>
#include <inttypes.h>

int main(int argc, char **argv) {
	(void)argc; (void)argv;
	return 0;
}

<==
[1/2] Compiling [32mbuild/.conf_check_71902e4db1e1fb33866f0d1c21c77ee8/test.cpp[0m

['/usr/bin/clang++', '-O3', '-g', '-Wall', '-Werror', '-Wno-unused-local-typedefs', '-Wno-potentially-evaluated-expression', '-std=c++11', '-Wno-error=deprecated-declarations', '-DNS3_BUILD_PROFILE_OPTIMIZED', '-DHAVE___UINT128_T=1', '-DINT64X64_USE_128=1', '-DHAVE_STDINT_H=1', '../test.cpp', '-c', '-o/Users/frankwang/GradSchool/Summer20/ns-allinone-3.31/ns-3.31/build/.conf_check_71902e4db1e1fb33866f0d1c21c77ee8/testbuild/test.cpp.1.o']
[2/2] Linking [33mbuild/.conf_check_71902e4db1e1fb33866f0d1c21c77ee8/testbuild/testprog[0m

['/usr/bin/clang++', 'test.cpp.1.o', '-o/Users/frankwang/GradSchool/Summer20/ns-allinone-3.31/ns-3.31/build/.conf_check_71902e4db1e1fb33866f0d1c21c77ee8/testbuild/testprog']
yes
--------------------------------------------------------------------------
Checking for header sys/inttypes.h
==>
#include <sys/inttypes.h>

int main(int argc, char **argv) {
	(void)argc; (void)argv;
	return 0;
}

<==
[1/2] Compiling [32mbuild/.conf_check_ab3a88ef84bcf481a1b44e59b9acea7f/test.cpp[0m

['/usr/bin/clang++', '-O3', '-g', '-Wall', '-Werror', '-Wno-unused-local-typedefs', '-Wno-potentially-evaluated-expression', '-std=c++11', '-Wno-error=deprecated-declarations', '-DNS3_BUILD_PROFILE_OPTIMIZED', '-DHAVE___UINT128_T=1', '-DINT64X64_USE_128=1', '-DHAVE_STDINT_H=1', '-DHAVE_INTTYPES_H=1', '../test.cpp', '-c', '-o/Users/frankwang/GradSchool/Summer20/ns-allinone-3.31/ns-3.31/build/.conf_check_ab3a88ef84bcf481a1b44e59b9acea7f/testbuild/test.cpp.1.o']
err: ../test.cpp:1:10: fatal error: 'sys/inttypes.h' file not found
#include <sys/inttypes.h>
         ^~~~~~~~~~~~~~~~
1 error generated.

from /Users/frankwang/GradSchool/Summer20/ns-allinone-3.31/ns-3.31/src/core: Test does not build: Traceback (most recent call last):
  File "/Users/frankwang/GradSchool/Summer20/ns-allinone-3.31/ns-3.31/.waf3-2.0.18-ff4ae9f5cc05353d3dc3aeff8854ae69/waflib/Configure.py", line 333, in run_build
    bld.compile()
  File "/Users/frankwang/GradSchool/Summer20/ns-allinone-3.31/ns-3.31/.waf3-2.0.18-ff4ae9f5cc05353d3dc3aeff8854ae69/waflib/Build.py", line 176, in compile
    raise Errors.BuildError(self.producer.error)
waflib.Errors.BuildError: Build failed
 -> task in 'testprog' failed with exit status 1 (run with -v to display more information)

not found
from /Users/frankwang/GradSchool/Summer20/ns-allinone-3.31/ns-3.31/src/core: The configuration failed
--------------------------------------------------------------------------
Checking for header sys/types.h
==>
#include <sys/types.h>

int main(int argc, char **argv) {
	(void)argc; (void)argv;
	return 0;
}

<==
[1/2] Compiling [32mbuild/.conf_check_a1f5eb99781ed72d6f7c486a9233dce5/test.cpp[0m

['/usr/bin/clang++', '-O3', '-g', '-Wall', '-Werror', '-Wno-unused-local-typedefs', '-Wno-potentially-evaluated-expression', '-std=c++11', '-Wno-error=deprecated-declarations', '-DNS3_BUILD_PROFILE_OPTIMIZED', '-DHAVE___UINT128_T=1', '-DINT64X64_USE_128=1', '-DHAVE_STDINT_H=1', '-DHAVE_INTTYPES_H=1', '../test.cpp', '-c', '-o/Users/frankwang/GradSchool/Summer20/ns-allinone-3.31/ns-3.31/build/.conf_check_a1f5eb99781ed72d6f7c486a9233dce5/testbuild/test.cpp.1.o']
[2/2] Linking [33mbuild/.conf_check_a1f5eb99781ed72d6f7c486a9233dce5/testbuild/testprog[0m

['/usr/bin/clang++', 'test.cpp.1.o', '-o/Users/frankwang/GradSchool/Summer20/ns-allinone-3.31/ns-3.31/build/.conf_check_a1f5eb99781ed72d6f7c486a9233dce5/testbuild/testprog']
yes
--------------------------------------------------------------------------
Checking for header sys/stat.h
==>
#include <sys/stat.h>

int main(int argc, char **argv) {
	(void)argc; (void)argv;
	return 0;
}

<==
[1/2] Compiling [32mbuild/.conf_check_df624e4ac3a4507c87a576ef6f3a3e18/test.cpp[0m

['/usr/bin/clang++', '-O3', '-g', '-Wall', '-Werror', '-Wno-unused-local-typedefs', '-Wno-potentially-evaluated-expression', '-std=c++11', '-Wno-error=deprecated-declarations', '-DNS3_BUILD_PROFILE_OPTIMIZED', '-DHAVE___UINT128_T=1', '-DINT64X64_USE_128=1', '-DHAVE_STDINT_H=1', '-DHAVE_INTTYPES_H=1', '-DHAVE_SYS_TYPES_H=1', '../test.cpp', '-c', '-o/Users/frankwang/GradSchool/Summer20/ns-allinone-3.31/ns-3.31/build/.conf_check_df624e4ac3a4507c87a576ef6f3a3e18/testbuild/test.cpp.1.o']
[2/2] Linking [33mbuild/.conf_check_df624e4ac3a4507c87a576ef6f3a3e18/testbuild/testprog[0m

['/usr/bin/clang++', 'test.cpp.1.o', '-o/Users/frankwang/GradSchool/Summer20/ns-allinone-3.31/ns-3.31/build/.conf_check_df624e4ac3a4507c87a576ef6f3a3e18/testbuild/testprog']
yes
--------------------------------------------------------------------------
Checking for header dirent.h
==>
#include <dirent.h>

int main(int argc, char **argv) {
	(void)argc; (void)argv;
	return 0;
}

<==
[1/2] Compiling [32mbuild/.conf_check_b1c5fd3b060471dcecfecbeb771fc0d1/test.cpp[0m

['/usr/bin/clang++', '-O3', '-g', '-Wall', '-Werror', '-Wno-unused-local-typedefs', '-Wno-potentially-evaluated-expression', '-std=c++11', '-Wno-error=deprecated-declarations', '-DNS3_BUILD_PROFILE_OPTIMIZED', '-DHAVE___UINT128_T=1', '-DINT64X64_USE_128=1', '-DHAVE_STDINT_H=1', '-DHAVE_INTTYPES_H=1', '-DHAVE_SYS_TYPES_H=1', '-DHAVE_SYS_STAT_H=1', '../test.cpp', '-c', '-o/Users/frankwang/GradSchool/Summer20/ns-allinone-3.31/ns-3.31/build/.conf_check_b1c5fd3b060471dcecfecbeb771fc0d1/testbuild/test.cpp.1.o']
[2/2] Linking [33mbuild/.conf_check_b1c5fd3b060471dcecfecbeb771fc0d1/testbuild/testprog[0m

['/usr/bin/clang++', 'test.cpp.1.o', '-o/Users/frankwang/GradSchool/Summer20/ns-allinone-3.31/ns-3.31/build/.conf_check_b1c5fd3b060471dcecfecbeb771fc0d1/testbuild/testprog']
yes
--------------------------------------------------------------------------
Checking for header signal.h
==>
#include <signal.h>

int main(int argc, char **argv) {
	(void)argc; (void)argv;
	return 0;
}

<==
[1/2] Compiling [32mbuild/.conf_check_6f58fe0695dffc1ac60ac25f8cc70c24/test.cpp[0m

['/usr/bin/clang++', '-O3', '-g', '-Wall', '-Werror', '-Wno-unused-local-typedefs', '-Wno-potentially-evaluated-expression', '-std=c++11', '-Wno-error=deprecated-declarations', '-DNS3_BUILD_PROFILE_OPTIMIZED', '-DHAVE___UINT128_T=1', '-DINT64X64_USE_128=1', '-DHAVE_STDINT_H=1', '-DHAVE_INTTYPES_H=1', '-DHAVE_SYS_TYPES_H=1', '-DHAVE_SYS_STAT_H=1', '-DHAVE_DIRENT_H=1', '../test.cpp', '-c', '-o/Users/frankwang/GradSchool/Summer20/ns-allinone-3.31/ns-3.31/build/.conf_check_6f58fe0695dffc1ac60ac25f8cc70c24/testbuild/test.cpp.1.o']
[2/2] Linking [33mbuild/.conf_check_6f58fe0695dffc1ac60ac25f8cc70c24/testbuild/testprog[0m

['/usr/bin/clang++', 'test.cpp.1.o', '-o/Users/frankwang/GradSchool/Summer20/ns-allinone-3.31/ns-3.31/build/.conf_check_6f58fe0695dffc1ac60ac25f8cc70c24/testbuild/testprog']
yes
--------------------------------------------------------------------------
Checking for header pthread.h
==>

#include <pthread.h>
int main ()
{
   pthread_mutex_t m;
   pthread_mutex_init (&m, NULL);
   return 0;
}

<==
[1/2] Compiling [32mbuild/.conf_check_f7c0fffd93df9fe1a80ff12c0ddf12dd/test.cpp[0m

['/usr/bin/clang++', '-O3', '-g', '-Wall', '-Werror', '-Wno-unused-local-typedefs', '-Wno-potentially-evaluated-expression', '-std=c++11', '-Wno-error=deprecated-declarations', '-DNS3_BUILD_PROFILE_OPTIMIZED', '-DHAVE___UINT128_T=1', '-DINT64X64_USE_128=1', '-DHAVE_STDINT_H=1', '-DHAVE_INTTYPES_H=1', '-DHAVE_SYS_TYPES_H=1', '-DHAVE_SYS_STAT_H=1', '-DHAVE_DIRENT_H=1', '-DHAVE_SIGNAL_H=1', '../test.cpp', '-c', '-o/Users/frankwang/GradSchool/Summer20/ns-allinone-3.31/ns-3.31/build/.conf_check_f7c0fffd93df9fe1a80ff12c0ddf12dd/testbuild/test.cpp.1.o']
[2/2] Linking [33mbuild/.conf_check_f7c0fffd93df9fe1a80ff12c0ddf12dd/testbuild/testprog[0m

['/usr/bin/clang++', 'test.cpp.1.o', '-o/Users/frankwang/GradSchool/Summer20/ns-allinone-3.31/ns-3.31/build/.conf_check_f7c0fffd93df9fe1a80ff12c0ddf12dd/testbuild/testprog']
yes
--------------------------------------------------------------------------
Checking for header stdint.h
==>
#include <stdint.h>

int main(int argc, char **argv) {
	(void)argc; (void)argv;
	return 0;
}

<==
[1/2] Compiling [32mbuild/.conf_check_87dc75f4d5a4d81d3de89ccc66d2f410/test.cpp[0m

['/usr/bin/clang++', '-O3', '-g', '-Wall', '-Werror', '-Wno-unused-local-typedefs', '-Wno-potentially-evaluated-expression', '-std=c++11', '-Wno-error=deprecated-declarations', '-DNS3_BUILD_PROFILE_OPTIMIZED', '-DHAVE___UINT128_T=1', '-DINT64X64_USE_128=1', '-DHAVE_INTTYPES_H=1', '-DHAVE_SYS_TYPES_H=1', '-DHAVE_SYS_STAT_H=1', '-DHAVE_DIRENT_H=1', '-DHAVE_SIGNAL_H=1', '-DHAVE_PTHREAD_H=1', '../test.cpp', '-c', '-o/Users/frankwang/GradSchool/Summer20/ns-allinone-3.31/ns-3.31/build/.conf_check_87dc75f4d5a4d81d3de89ccc66d2f410/testbuild/test.cpp.1.o']
[2/2] Linking [33mbuild/.conf_check_87dc75f4d5a4d81d3de89ccc66d2f410/testbuild/testprog[0m

['/usr/bin/clang++', 'test.cpp.1.o', '-o/Users/frankwang/GradSchool/Summer20/ns-allinone-3.31/ns-3.31/build/.conf_check_87dc75f4d5a4d81d3de89ccc66d2f410/testbuild/testprog']
yes
--------------------------------------------------------------------------
Checking for header inttypes.h
==>
#include <inttypes.h>

int main(int argc, char **argv) {
	(void)argc; (void)argv;
	return 0;
}

<==
[1/2] Compiling [32mbuild/.conf_check_71902e4db1e1fb33866f0d1c21c77ee8/test.cpp[0m

['/usr/bin/clang++', '-O3', '-g', '-Wall', '-Werror', '-Wno-unused-local-typedefs', '-Wno-potentially-evaluated-expression', '-std=c++11', '-Wno-error=deprecated-declarations', '-DNS3_BUILD_PROFILE_OPTIMIZED', '-DHAVE___UINT128_T=1', '-DINT64X64_USE_128=1', '-DHAVE_SYS_TYPES_H=1', '-DHAVE_SYS_STAT_H=1', '-DHAVE_DIRENT_H=1', '-DHAVE_SIGNAL_H=1', '-DHAVE_PTHREAD_H=1', '-DHAVE_STDINT_H=1', '../test.cpp', '-c', '-o/Users/frankwang/GradSchool/Summer20/ns-allinone-3.31/ns-3.31/build/.conf_check_71902e4db1e1fb33866f0d1c21c77ee8/testbuild/test.cpp.1.o']
[2/2] Linking [33mbuild/.conf_check_71902e4db1e1fb33866f0d1c21c77ee8/testbuild/testprog[0m

['/usr/bin/clang++', 'test.cpp.1.o', '-o/Users/frankwang/GradSchool/Summer20/ns-allinone-3.31/ns-3.31/build/.conf_check_71902e4db1e1fb33866f0d1c21c77ee8/testbuild/testprog']
yes
--------------------------------------------------------------------------
Checking for header sys/inttypes.h
==>
#include <sys/inttypes.h>

int main(int argc, char **argv) {
	(void)argc; (void)argv;
	return 0;
}

<==
[1/2] Compiling [32mbuild/.conf_check_ab3a88ef84bcf481a1b44e59b9acea7f/test.cpp[0m

['/usr/bin/clang++', '-O3', '-g', '-Wall', '-Werror', '-Wno-unused-local-typedefs', '-Wno-potentially-evaluated-expression', '-std=c++11', '-Wno-error=deprecated-declarations', '-DNS3_BUILD_PROFILE_OPTIMIZED', '-DHAVE___UINT128_T=1', '-DINT64X64_USE_128=1', '-DHAVE_SYS_TYPES_H=1', '-DHAVE_SYS_STAT_H=1', '-DHAVE_DIRENT_H=1', '-DHAVE_SIGNAL_H=1', '-DHAVE_PTHREAD_H=1', '-DHAVE_STDINT_H=1', '-DHAVE_INTTYPES_H=1', '../test.cpp', '-c', '-o/Users/frankwang/GradSchool/Summer20/ns-allinone-3.31/ns-3.31/build/.conf_check_ab3a88ef84bcf481a1b44e59b9acea7f/testbuild/test.cpp.1.o']
err: ../test.cpp:1:10: fatal error: 'sys/inttypes.h' file not found
#include <sys/inttypes.h>
         ^~~~~~~~~~~~~~~~
1 error generated.

from /Users/frankwang/GradSchool/Summer20/ns-allinone-3.31/ns-3.31/src/core: Test does not build: Traceback (most recent call last):
  File "/Users/frankwang/GradSchool/Summer20/ns-allinone-3.31/ns-3.31/.waf3-2.0.18-ff4ae9f5cc05353d3dc3aeff8854ae69/waflib/Configure.py", line 333, in run_build
    bld.compile()
  File "/Users/frankwang/GradSchool/Summer20/ns-allinone-3.31/ns-3.31/.waf3-2.0.18-ff4ae9f5cc05353d3dc3aeff8854ae69/waflib/Build.py", line 176, in compile
    raise Errors.BuildError(self.producer.error)
waflib.Errors.BuildError: Build failed
 -> task in 'testprog' failed with exit status 1 (run with -v to display more information)

not found
from /Users/frankwang/GradSchool/Summer20/ns-allinone-3.31/ns-3.31/src/core: The configuration failed
--------------------------------------------------------------------------
Checking for library rt
==>

int main(int argc, char **argv) {
	(void)argc; (void)argv;
	return 0;
}

<==
[1/2] Compiling [32mbuild/.conf_check_ab72690583f2973c46ae66ff926bf40d/test.cpp[0m

['/usr/bin/clang++', '-O3', '-g', '-Wall', '-Werror', '-Wno-unused-local-typedefs', '-Wno-potentially-evaluated-expression', '-std=c++11', '-Wno-error=deprecated-declarations', '-DNS3_BUILD_PROFILE_OPTIMIZED', '-DHAVE___UINT128_T=1', '-DINT64X64_USE_128=1', '-DHAVE_SYS_TYPES_H=1', '-DHAVE_SYS_STAT_H=1', '-DHAVE_DIRENT_H=1', '-DHAVE_SIGNAL_H=1', '-DHAVE_PTHREAD_H=1', '-DHAVE_STDINT_H=1', '-DHAVE_INTTYPES_H=1', '../test.cpp', '-c', '-o/Users/frankwang/GradSchool/Summer20/ns-allinone-3.31/ns-3.31/build/.conf_check_ab72690583f2973c46ae66ff926bf40d/testbuild/test.cpp.1.o']
[2/2] Linking [33mbuild/.conf_check_ab72690583f2973c46ae66ff926bf40d/testbuild/testprog[0m

['/usr/bin/clang++', 'test.cpp.1.o', '-o/Users/frankwang/GradSchool/Summer20/ns-allinone-3.31/ns-3.31/build/.conf_check_ab72690583f2973c46ae66ff926bf40d/testbuild/testprog', '-lrt']
err: ld: library not found for -lrt
clang: error: linker command failed with exit code 1 (use -v to see invocation)

from /Users/frankwang/GradSchool/Summer20/ns-allinone-3.31/ns-3.31/src/core: Test does not build: Traceback (most recent call last):
  File "/Users/frankwang/GradSchool/Summer20/ns-allinone-3.31/ns-3.31/.waf3-2.0.18-ff4ae9f5cc05353d3dc3aeff8854ae69/waflib/Configure.py", line 333, in run_build
    bld.compile()
  File "/Users/frankwang/GradSchool/Summer20/ns-allinone-3.31/ns-3.31/.waf3-2.0.18-ff4ae9f5cc05353d3dc3aeff8854ae69/waflib/Build.py", line 176, in compile
    raise Errors.BuildError(self.producer.error)
waflib.Errors.BuildError: Build failed
 -> task in 'testprog' failed with exit status 1 (run with -v to display more information)

not found
from /Users/frankwang/GradSchool/Summer20/ns-allinone-3.31/ns-3.31/src/core: The configuration failed
--------------------------------------------------------------------------
Checking for header sys/ioctl.h
==>
#include <sys/ioctl.h>

int main(int argc, char **argv) {
	(void)argc; (void)argv;
	return 0;
}

<==
[1/2] Compiling [32mbuild/.conf_check_a500e4e04895f8dce012d09437dc914c/test.cpp[0m

['/usr/bin/clang++', '-O3', '-g', '-Wall', '-Werror', '-Wno-unused-local-typedefs', '-Wno-potentially-evaluated-expression', '-std=c++11', '-Wno-error=deprecated-declarations', '-DNS3_BUILD_PROFILE_OPTIMIZED', '../test.cpp', '-c', '-o/Users/frankwang/GradSchool/Summer20/ns-allinone-3.31/ns-3.31/build/.conf_check_a500e4e04895f8dce012d09437dc914c/testbuild/test.cpp.1.o']
[2/2] Linking [33mbuild/.conf_check_a500e4e04895f8dce012d09437dc914c/testbuild/testprog[0m

['/usr/bin/clang++', 'test.cpp.1.o', '-o/Users/frankwang/GradSchool/Summer20/ns-allinone-3.31/ns-3.31/build/.conf_check_a500e4e04895f8dce012d09437dc914c/testbuild/testprog']
yes
--------------------------------------------------------------------------
Checking for header net/if.h
==>
#include <net/if.h>

int main(int argc, char **argv) {
	(void)argc; (void)argv;
	return 0;
}

<==
[1/2] Compiling [32mbuild/.conf_check_9f4e1a1ff328a1e8411b45269d846fdb/test.cpp[0m

['/usr/bin/clang++', '-O3', '-g', '-Wall', '-Werror', '-Wno-unused-local-typedefs', '-Wno-potentially-evaluated-expression', '-std=c++11', '-Wno-error=deprecated-declarations', '-DNS3_BUILD_PROFILE_OPTIMIZED', '-DHAVE_SYS_IOCTL_H=1', '../test.cpp', '-c', '-o/Users/frankwang/GradSchool/Summer20/ns-allinone-3.31/ns-3.31/build/.conf_check_9f4e1a1ff328a1e8411b45269d846fdb/testbuild/test.cpp.1.o']
[2/2] Linking [33mbuild/.conf_check_9f4e1a1ff328a1e8411b45269d846fdb/testbuild/testprog[0m

['/usr/bin/clang++', 'test.cpp.1.o', '-o/Users/frankwang/GradSchool/Summer20/ns-allinone-3.31/ns-3.31/build/.conf_check_9f4e1a1ff328a1e8411b45269d846fdb/testbuild/testprog']
yes
--------------------------------------------------------------------------
Checking for header net/ethernet.h
==>
#include <net/ethernet.h>

int main(int argc, char **argv) {
	(void)argc; (void)argv;
	return 0;
}

<==
[1/2] Compiling [32mbuild/.conf_check_6e41348326de2b334c4f59de3729bd6a/test.cpp[0m

['/usr/bin/clang++', '-O3', '-g', '-Wall', '-Werror', '-Wno-unused-local-typedefs', '-Wno-potentially-evaluated-expression', '-std=c++11', '-Wno-error=deprecated-declarations', '-DNS3_BUILD_PROFILE_OPTIMIZED', '-DHAVE_SYS_IOCTL_H=1', '-DHAVE_IF_NETS_H=1', '../test.cpp', '-c', '-o/Users/frankwang/GradSchool/Summer20/ns-allinone-3.31/ns-3.31/build/.conf_check_6e41348326de2b334c4f59de3729bd6a/testbuild/test.cpp.1.o']
[2/2] Linking [33mbuild/.conf_check_6e41348326de2b334c4f59de3729bd6a/testbuild/testprog[0m

['/usr/bin/clang++', 'test.cpp.1.o', '-o/Users/frankwang/GradSchool/Summer20/ns-allinone-3.31/ns-3.31/build/.conf_check_6e41348326de2b334c4f59de3729bd6a/testbuild/testprog']
yes
--------------------------------------------------------------------------
Checking for header linux/if_tun.h
==>
#include <linux/if_tun.h>

int main(int argc, char **argv) {
	(void)argc; (void)argv;
	return 0;
}

<==
[1/2] Compiling [32mbuild/.conf_check_8e878b6598e0eb4487674343c0115934/test.cpp[0m

['/usr/bin/clang++', '-O3', '-g', '-Wall', '-Werror', '-Wno-unused-local-typedefs', '-Wno-potentially-evaluated-expression', '-std=c++11', '-Wno-error=deprecated-declarations', '-DNS3_BUILD_PROFILE_OPTIMIZED', '-DHAVE_SYS_IOCTL_H=1', '-DHAVE_IF_NETS_H=1', '-DHAVE_NET_ETHERNET_H=1', '../test.cpp', '-c', '-o/Users/frankwang/GradSchool/Summer20/ns-allinone-3.31/ns-3.31/build/.conf_check_8e878b6598e0eb4487674343c0115934/testbuild/test.cpp.1.o']
err: ../test.cpp:1:10: fatal error: 'linux/if_tun.h' file not found
#include <linux/if_tun.h>
         ^~~~~~~~~~~~~~~~
1 error generated.

from /Users/frankwang/GradSchool/Summer20/ns-allinone-3.31/ns-3.31/src/fd-net-device: Test does not build: Traceback (most recent call last):
  File "/Users/frankwang/GradSchool/Summer20/ns-allinone-3.31/ns-3.31/.waf3-2.0.18-ff4ae9f5cc05353d3dc3aeff8854ae69/waflib/Configure.py", line 333, in run_build
    bld.compile()
  File "/Users/frankwang/GradSchool/Summer20/ns-allinone-3.31/ns-3.31/.waf3-2.0.18-ff4ae9f5cc05353d3dc3aeff8854ae69/waflib/Build.py", line 176, in compile
    raise Errors.BuildError(self.producer.error)
waflib.Errors.BuildError: Build failed
 -> task in 'testprog' failed with exit status 1 (run with -v to display more information)

not found
from /Users/frankwang/GradSchool/Summer20/ns-allinone-3.31/ns-3.31/src/fd-net-device: The configuration failed
--------------------------------------------------------------------------
Checking for header netpacket/packet.h
==>
#include <netpacket/packet.h>

int main(int argc, char **argv) {
	(void)argc; (void)argv;
	return 0;
}

<==
[1/2] Compiling [32mbuild/.conf_check_fff5469bff6310ddc2b775af42c41fc5/test.cpp[0m

['/usr/bin/clang++', '-O3', '-g', '-Wall', '-Werror', '-Wno-unused-local-typedefs', '-Wno-potentially-evaluated-expression', '-std=c++11', '-Wno-error=deprecated-declarations', '-DNS3_BUILD_PROFILE_OPTIMIZED', '-DHAVE_SYS_IOCTL_H=1', '-DHAVE_IF_NETS_H=1', '-DHAVE_NET_ETHERNET_H=1', '../test.cpp', '-c', '-o/Users/frankwang/GradSchool/Summer20/ns-allinone-3.31/ns-3.31/build/.conf_check_fff5469bff6310ddc2b775af42c41fc5/testbuild/test.cpp.1.o']
err: ../test.cpp:1:10: fatal error: 'netpacket/packet.h' file not found
#include <netpacket/packet.h>
         ^~~~~~~~~~~~~~~~~~~~
1 error generated.

from /Users/frankwang/GradSchool/Summer20/ns-allinone-3.31/ns-3.31/src/fd-net-device: Test does not build: Traceback (most recent call last):
  File "/Users/frankwang/GradSchool/Summer20/ns-allinone-3.31/ns-3.31/.waf3-2.0.18-ff4ae9f5cc05353d3dc3aeff8854ae69/waflib/Configure.py", line 333, in run_build
    bld.compile()
  File "/Users/frankwang/GradSchool/Summer20/ns-allinone-3.31/ns-3.31/.waf3-2.0.18-ff4ae9f5cc05353d3dc3aeff8854ae69/waflib/Build.py", line 176, in compile
    raise Errors.BuildError(self.producer.error)
waflib.Errors.BuildError: Build failed
 -> task in 'testprog' failed with exit status 1 (run with -v to display more information)

not found
from /Users/frankwang/GradSchool/Summer20/ns-allinone-3.31/ns-3.31/src/fd-net-device: The configuration failed
--------------------------------------------------------------------------
Checking for NSC location
not found
--------------------------------------------------------------------------
Checking for 'sqlite3'
['/usr/local/bin/pkg-config', '--cflags', '--libs', 'sqlite3']
out: -lsqlite3

yes
--------------------------------------------------------------------------
Checking for header semaphore.h
==>
#include <semaphore.h>

int main(int argc, char **argv) {
	(void)argc; (void)argv;
	return 0;
}

<==
[1/2] Compiling [32mbuild/.conf_check_2966f45c89888a4b8f2a3b90cda9d602/test.cpp[0m

['/usr/bin/clang++', '-O3', '-g', '-Wall', '-Werror', '-Wno-unused-local-typedefs', '-Wno-potentially-evaluated-expression', '-std=c++11', '-Wno-error=deprecated-declarations', '-DNS3_BUILD_PROFILE_OPTIMIZED', '-DHAVE_SYS_IOCTL_H=1', '-DHAVE_IF_NETS_H=1', '-DHAVE_NET_ETHERNET_H=1', '-DHAVE_SQLITE3=1', '../test.cpp', '-c', '-o/Users/frankwang/GradSchool/Summer20/ns-allinone-3.31/ns-3.31/build/.conf_check_2966f45c89888a4b8f2a3b90cda9d602/testbuild/test.cpp.1.o']
[2/2] Linking [33mbuild/.conf_check_2966f45c89888a4b8f2a3b90cda9d602/testbuild/testprog[0m

['/usr/bin/clang++', 'test.cpp.1.o', '-o/Users/frankwang/GradSchool/Summer20/ns-allinone-3.31/ns-3.31/build/.conf_check_2966f45c89888a4b8f2a3b90cda9d602/testbuild/testprog']
yes
--------------------------------------------------------------------------
Checking for header linux/if_tun.h
==>
#include <linux/if_tun.h>

int main(int argc, char **argv) {
	(void)argc; (void)argv;
	return 0;
}

<==
[1/2] Compiling [32mbuild/.conf_check_8e878b6598e0eb4487674343c0115934/test.cpp[0m

['/usr/bin/clang++', '-O3', '-g', '-Wall', '-Werror', '-Wno-unused-local-typedefs', '-Wno-potentially-evaluated-expression', '-std=c++11', '-Wno-error=deprecated-declarations', '-DNS3_BUILD_PROFILE_OPTIMIZED', '../test.cpp', '-c', '-o/Users/frankwang/GradSchool/Summer20/ns-allinone-3.31/ns-3.31/build/.conf_check_8e878b6598e0eb4487674343c0115934/testbuild/test.cpp.1.o']
err: ../test.cpp:1:10: fatal error: 'linux/if_tun.h' file not found
#include <linux/if_tun.h>
         ^~~~~~~~~~~~~~~~
1 error generated.

from /Users/frankwang/GradSchool/Summer20/ns-allinone-3.31/ns-3.31/src/tap-bridge: Test does not build: Traceback (most recent call last):
  File "/Users/frankwang/GradSchool/Summer20/ns-allinone-3.31/ns-3.31/.waf3-2.0.18-ff4ae9f5cc05353d3dc3aeff8854ae69/waflib/Configure.py", line 333, in run_build
    bld.compile()
  File "/Users/frankwang/GradSchool/Summer20/ns-allinone-3.31/ns-3.31/.waf3-2.0.18-ff4ae9f5cc05353d3dc3aeff8854ae69/waflib/Build.py", line 176, in compile
    raise Errors.BuildError(self.producer.error)
waflib.Errors.BuildError: Build failed
 -> task in 'testprog' failed with exit status 1 (run with -v to display more information)

not found
from /Users/frankwang/GradSchool/Summer20/ns-allinone-3.31/ns-3.31/src/tap-bridge: The configuration failed
--------------------------------------------------------------------------
Checking for program 'sudo'
/usr/bin/sudo
find program=['sudo'] paths=['/usr/local/opt/make/libexec/gnubin', '/usr/local/opt/sqlite/bin', '/Users/frankwang/.cargo/bin', '/usr/local/bin/', '/usr/texbin', '/usr/local/sbin', '/Users/frankwang/platform-tools', '/Users/frankwang/bin', '/usr/local/opt/python@2/bin', '/usr/local/bin', '/usr/bin', '/bin', '/usr/sbin', '/sbin', '/opt/X11/bin', '/usr/local/CrossPack-AVR/bin', '/Library/Apple/usr/bin', '/Applications/VMware Fusion Tech Preview.app/Contents/Public', '/usr/local/share/dotnet', '/Library/Frameworks/Mono.framework/Versions/Current/Commands', '/Library/TeX/texbin', '/Applications/Xamarin Workbooks.app/Contents/SharedSupport/path-bin'] var='SUDO' -> ['/usr/bin/sudo']
--------------------------------------------------------------------------
Checking for program 'valgrind'
not found
find program=['valgrind'] paths=['/usr/local/opt/make/libexec/gnubin', '/usr/local/opt/sqlite/bin', '/Users/frankwang/.cargo/bin', '/usr/local/bin/', '/usr/texbin', '/usr/local/sbin', '/Users/frankwang/platform-tools', '/Users/frankwang/bin', '/usr/local/opt/python@2/bin', '/usr/local/bin', '/usr/bin', '/bin', '/usr/sbin', '/sbin', '/opt/X11/bin', '/usr/local/CrossPack-AVR/bin', '/Library/Apple/usr/bin', '/Applications/VMware Fusion Tech Preview.app/Contents/Public', '/usr/local/share/dotnet', '/Library/Frameworks/Mono.framework/Versions/Current/Commands', '/Library/TeX/texbin', '/Applications/Xamarin Workbooks.app/Contents/SharedSupport/path-bin'] var='VALGRIND' -> None
from /Users/frankwang/GradSchool/Summer20/ns-allinone-3.31/ns-3.31: Could not find the program ['valgrind']
--------------------------------------------------------------------------
Checking for 'gsl'
['/usr/local/bin/pkg-config', '--cflags', '--libs', 'gsl']
err: Package gsl was not found in the pkg-config search path.
Perhaps you should add the directory containing `gsl.pc'
to the PKG_CONFIG_PATH environment variable
No package 'gsl' found

not found
from /Users/frankwang/GradSchool/Summer20/ns-allinone-3.31/ns-3.31: The configuration failed
--------------------------------------------------------------------------
libgcrypt-config
/usr/local/bin/libgcrypt-config
find program=['libgcrypt-config'] paths=['/usr/local/opt/make/libexec/gnubin', '/usr/local/opt/sqlite/bin', '/Users/frankwang/.cargo/bin', '/usr/local/bin/', '/usr/texbin', '/usr/local/sbin', '/Users/frankwang/platform-tools', '/Users/frankwang/bin', '/usr/local/opt/python@2/bin', '/usr/local/bin', '/usr/bin', '/bin', '/usr/sbin', '/sbin', '/opt/X11/bin', '/usr/local/CrossPack-AVR/bin', '/Library/Apple/usr/bin', '/Applications/VMware Fusion Tech Preview.app/Contents/Public', '/usr/local/share/dotnet', '/Library/Frameworks/Mono.framework/Versions/Current/Commands', '/Library/TeX/texbin', '/Applications/Xamarin Workbooks.app/Contents/SharedSupport/path-bin'] var='LIBGCRYPT_CONFIG' -> ['/usr/local/bin/libgcrypt-config']
--------------------------------------------------------------------------
Checking for libgcrypt
['/usr/local/bin/libgcrypt-config', '--cflags', '--libs']
out: -I/usr/local/opt/libgcrypt/include -I/usr/local/opt/libgpg-error/include
-L/usr/local/opt/libgcrypt/lib -lgcrypt -L/usr/local/opt/libgpg-error/lib -lgpg-error

yes
--------------------------------------------------------------------------
Checking for program 'doxygen'
/usr/local/bin/doxygen
find program=['doxygen'] paths=['/usr/local/opt/make/libexec/gnubin', '/usr/local/opt/sqlite/bin', '/Users/frankwang/.cargo/bin', '/usr/local/bin/', '/usr/texbin', '/usr/local/sbin', '/Users/frankwang/platform-tools', '/Users/frankwang/bin', '/usr/local/opt/python@2/bin', '/usr/local/bin', '/usr/bin', '/bin', '/usr/sbin', '/sbin', '/opt/X11/bin', '/usr/local/CrossPack-AVR/bin', '/Library/Apple/usr/bin', '/Applications/VMware Fusion Tech Preview.app/Contents/Public', '/usr/local/share/dotnet', '/Library/Frameworks/Mono.framework/Versions/Current/Commands', '/Library/TeX/texbin', '/Applications/Xamarin Workbooks.app/Contents/SharedSupport/path-bin'] var='DOXYGEN' -> ['/usr/local/bin/doxygen']
